#
# There is insufficient memory for the Java Runtime Environment to continue.
# Native memory allocation (malloc) failed to allocate 1078256 bytes for Chunk::new
# Possible reasons:
#   The system is out of physical RAM or swap space
#   The process is running with CompressedOops enabled, and the Java Heap may be blocking the growth of the native heap
# Possible solutions:
#   Reduce memory load on the system
#   Increase physical memory or swap space
#   Check if swap backing store is full
#   Decrease Java heap size (-Xmx/-Xms)
#   Decrease number of Java threads
#   Decrease Java thread stack sizes (-Xss)
#   Set larger code cache with -XX:ReservedCodeCacheSize=
#   JVM is running with Unscaled Compressed Oops mode in which the Java heap is
#     placed in the first 4GB address space. The Java Heap base address is the
#     maximum limit for the native heap growth. Please use -XX:HeapBaseMinAddress
#     to set the Java Heap base and to place the Java Heap above 4GB virtual address.
# This output file may be truncated or incomplete.
#
#  Out of Memory Error (allocation.cpp:389), pid=17916, tid=0x00000000000010a4
#
# JRE version: Java(TM) SE Runtime Environment (8.0_202-b08) (build 1.8.0_202-b08)
# Java VM: Java HotSpot(TM) 64-Bit Server VM (25.202-b08 mixed mode windows-amd64 compressed oops)
# Failed to write core dump. Minidumps are not enabled by default on client versions of Windows
#

---------------  T H R E A D  ---------------

Current thread (0x000000001c404000):  JavaThread "C2 CompilerThread3" daemon [_thread_in_native, id=4260, stack(0x000000001c8c0000,0x000000001c9c0000)]

Stack: [0x000000001c8c0000,0x000000001c9c0000]
[error occurred during error reporting (printing stack bounds), id 0xc0000005]

Native frames: (J=compiled Java code, j=interpreted, Vv=VM code, C=native code)


Current CompileTask:
C2:   8448 5020       4       org.springframework.beans.factory.support.AbstractBeanFactory::isTypeMatch (614 bytes)


---------------  P R O C E S S  ---------------

Java Threads: ( => current thread )
  0x000000001da89800 JavaThread "restartedMain" [_thread_in_Java, id=17832, stack(0x000000001e9e0000,0x000000001eae0000)]
  0x0000000019b59000 JavaThread "Thread-0" [_thread_blocked, id=32040, stack(0x000000001e8e0000,0x000000001e9e0000)]
  0x000000001c4ef800 JavaThread "Service Thread" daemon [_thread_blocked, id=33148, stack(0x000000001d2c0000,0x000000001d3c0000)]
  0x000000001c42f800 JavaThread "C1 CompilerThread11" daemon [_thread_blocked, id=21104, stack(0x000000001d1c0000,0x000000001d2c0000)]
  0x000000001c42e800 JavaThread "C1 CompilerThread10" daemon [_thread_in_vm, id=32100, stack(0x000000001d0c0000,0x000000001d1c0000)]
  0x000000001c430000 JavaThread "C1 CompilerThread9" daemon [_thread_blocked, id=22108, stack(0x000000001cfc0000,0x000000001d0c0000)]
  0x000000001c42e000 JavaThread "C1 CompilerThread8" daemon [_thread_blocked, id=6020, stack(0x000000001cec0000,0x000000001cfc0000)]
  0x000000001c420000 JavaThread "C2 CompilerThread7" daemon [_thread_in_native, id=14296, stack(0x000000001cdc0000,0x000000001cec0000)]
  0x000000001c416800 JavaThread "C2 CompilerThread6" daemon [_thread_blocked, id=8508, stack(0x000000001cbc0000,0x000000001ccc0000)]
  0x000000001c40b800 JavaThread "C2 CompilerThread5" daemon [_thread_blocked, id=35296, stack(0x000000001cac0000,0x000000001cbc0000)]
  0x000000001c40b000 JavaThread "C2 CompilerThread4" daemon [_thread_in_native, id=27548, stack(0x000000001c9c0000,0x000000001cac0000)]
=>0x000000001c404000 JavaThread "C2 CompilerThread3" daemon [_thread_in_native, id=4260, stack(0x000000001c8c0000,0x000000001c9c0000)]
  0x000000001c403800 JavaThread "C2 CompilerThread2" daemon [_thread_in_native, id=2764, stack(0x000000001c7c0000,0x000000001c8c0000)]
  0x000000001c402800 JavaThread "C2 CompilerThread1" daemon [_thread_blocked, id=8980, stack(0x000000001c6c0000,0x000000001c7c0000)]
  0x000000001c402000 JavaThread "C2 CompilerThread0" daemon [_thread_in_native, id=6184, stack(0x000000001c5c0000,0x000000001c6c0000)]
  0x0000000019b09800 JavaThread "JDWP Command Reader" daemon [_thread_in_native, id=13244, stack(0x000000001bcc0000,0x000000001bdc0000)]
  0x0000000019b08800 JavaThread "JDWP Event Helper Thread" daemon [_thread_blocked, id=24228, stack(0x000000001bbc0000,0x000000001bcc0000)]
  0x0000000019af8800 JavaThread "JDWP Transport Listener: dt_socket" daemon [_thread_blocked, id=6036, stack(0x000000001b720000,0x000000001b820000)]
  0x0000000019aee000 JavaThread "Attach Listener" daemon [_thread_blocked, id=26588, stack(0x000000001b620000,0x000000001b720000)]
  0x0000000019aeb000 JavaThread "Signal Dispatcher" daemon [_thread_blocked, id=16860, stack(0x000000001b520000,0x000000001b620000)]
  0x000000001804d800 JavaThread "Finalizer" daemon [_thread_blocked, id=35956, stack(0x000000001b320000,0x000000001b420000)]
  0x0000000019ac6000 JavaThread "Reference Handler" daemon [_thread_blocked, id=14656, stack(0x000000001b220000,0x000000001b320000)]
  0x0000000002a6b000 JavaThread "main" [_thread_blocked, id=26552, stack(0x0000000002960000,0x0000000002a60000)]

Other Threads:
  0x0000000019aa4800 VMThread [stack: 0x000000001b120000,0x000000001b220000] [id=17556]
  0x000000001c5bd000 WatcherThread [stack: 0x000000001e390000,0x000000001e490000] [id=11656]

VM state:not at safepoint (normal execution)

VM Mutex/Monitor currently owned by a thread: None

heap address: 0x0000000085200000, size: 1966 MB, Compressed Oops mode: 32-bit
Narrow klass base: 0x0000000000000000, Narrow klass shift: 3
Compressed class space size: 1073741824 Address: 0x0000000100000000

Heap:
 PSYoungGen      total 453632K, used 289492K [0x00000000d7100000, 0x00000000f4c00000, 0x0000000100000000)
  eden space 424960K, 64% used [0x00000000d7100000,0x00000000e7b88ee0,0x00000000f1000000)
  from space 28672K, 57% used [0x00000000f2c00000,0x00000000f3c2c4d0,0x00000000f4800000)
  to   space 28672K, 0% used [0x00000000f1000000,0x00000000f1000000,0x00000000f2c00000)
 ParOldGen       total 92672K, used 27874K [0x0000000085200000, 0x000000008ac80000, 0x00000000d7100000)
  object space 92672K, 30% used [0x0000000085200000,0x0000000086d388a8,0x000000008ac80000)
 Metaspace       used 38871K, capacity 40374K, committed 40448K, reserved 1085440K
  class space    used 4503K, capacity 4809K, committed 4864K, reserved 1048576K

Card table byte_map: [0x0000000012190000,0x0000000012570000] byte_map_base: 0x0000000011d67000

Marking Bits: (ParMarkBitMap*) 0x0000000058f45ce0
 Begin Bits: [0x0000000013500000, 0x00000000153b8000)
 End Bits:   [0x00000000153b8000, 0x0000000017270000)

Polling page: 0x0000000000fc0000

CodeCache: size=245760Kb used=20760Kb max_used=20760Kb free=224999Kb
 bounds [0x0000000002dd0000, 0x0000000004230000, 0x0000000011dd0000]
 total_blobs=4968 nmethods=4586 adapters=299
 compilation: enabled

Compilation events (10 events):
Event: 8.446 Thread 0x000000001c42f800 nmethod 5122 0x0000000004217150 code [0x00000000042172c0, 0x0000000004217448]
Event: 8.446 Thread 0x000000001c42f800 5123       3       org.springframework.cglib.core.CodeEmitter::push (9 bytes)
Event: 8.446 Thread 0x000000001c42f800 nmethod 5123 0x0000000004216cd0 code [0x0000000004216e40, 0x0000000004217068]
Event: 8.446 Thread 0x000000001c42e800 nmethod 5121 0x0000000004219cd0 code [0x0000000004219ee0, 0x000000000421a898]
Event: 8.446 Thread 0x000000001c42e800 5125       3       org.springframework.asm.MethodVisitor::visitJumpInsn (17 bytes)
Event: 8.446 Thread 0x000000001c430000 nmethod 5119 0x000000000421d910 code [0x000000000421db20, 0x000000000421e5f8]
Event: 8.446 Thread 0x000000001c42f800 5124       3       org.springframework.asm.SymbolTable::addConstantString (8 bytes)
Event: 8.446 Thread 0x000000001c430000 5126       3       org.springframework.cglib.core.CodeEmitter::return_value (24 bytes)
Event: 8.447 Thread 0x000000001c42f800 nmethod 5124 0x0000000004219910 code [0x0000000004219a80, 0x0000000004219c28]
Event: 8.447 Thread 0x000000001c42f800 5127       3       org.springframework.asm.Type::getMethodDescriptor (74 bytes)

GC Heap History (10 events):
Event: 3.776 GC heap before
{Heap before GC invocations=10 (full 1):
 PSYoungGen      total 226816K, used 226790K [0x00000000d7100000, 0x00000000e7c00000, 0x0000000100000000)
  eden space 216064K, 100% used [0x00000000d7100000,0x00000000e4400000,0x00000000e4400000)
  from space 10752K, 99% used [0x00000000e7180000,0x00000000e7bf9810,0x00000000e7c00000)
  to   space 14848K, 0% used [0x00000000e5f00000,0x00000000e5f00000,0x00000000e6d80000)
 ParOldGen       total 53248K, used 15572K [0x0000000085200000, 0x0000000088600000, 0x00000000d7100000)
  object space 53248K, 29% used [0x0000000085200000,0x0000000086135348,0x0000000088600000)
 Metaspace       used 21342K, capacity 22088K, committed 22192K, reserved 1069056K
  class space    used 2559K, capacity 2750K, committed 2816K, reserved 1048576K
Event: 3.812 GC heap after
Heap after GC invocations=10 (full 1):
 PSYoungGen      total 258560K, used 14846K [0x00000000d7100000, 0x00000000ed100000, 0x0000000100000000)
  eden space 243712K, 0% used [0x00000000d7100000,0x00000000d7100000,0x00000000e5f00000)
  from space 14848K, 99% used [0x00000000e5f00000,0x00000000e6d7fbc0,0x00000000e6d80000)
  to   space 26112K, 0% used [0x00000000eb780000,0x00000000eb780000,0x00000000ed100000)
 ParOldGen       total 53248K, used 38042K [0x0000000085200000, 0x0000000088600000, 0x00000000d7100000)
  object space 53248K, 71% used [0x0000000085200000,0x0000000087726920,0x0000000088600000)
 Metaspace       used 21342K, capacity 22088K, committed 22192K, reserved 1069056K
  class space    used 2559K, capacity 2750K, committed 2816K, reserved 1048576K
}
Event: 4.844 GC heap before
{Heap before GC invocations=11 (full 1):
 PSYoungGen      total 258560K, used 258558K [0x00000000d7100000, 0x00000000ed100000, 0x0000000100000000)
  eden space 243712K, 100% used [0x00000000d7100000,0x00000000e5f00000,0x00000000e5f00000)
  from space 14848K, 99% used [0x00000000e5f00000,0x00000000e6d7fbc0,0x00000000e6d80000)
  to   space 26112K, 0% used [0x00000000eb780000,0x00000000eb780000,0x00000000ed100000)
 ParOldGen       total 53248K, used 38042K [0x0000000085200000, 0x0000000088600000, 0x00000000d7100000)
  object space 53248K, 71% used [0x0000000085200000,0x0000000087726920,0x0000000088600000)
 Metaspace       used 26095K, capacity 27000K, committed 27264K, reserved 1073152K
  class space    used 2869K, capacity 3094K, committed 3200K, reserved 1048576K
Event: 4.895 GC heap after
Heap after GC invocations=11 (full 1):
 PSYoungGen      total 330240K, used 25980K [0x00000000d7100000, 0x00000000f0000000, 0x0000000100000000)
  eden space 304128K, 0% used [0x00000000d7100000,0x00000000d7100000,0x00000000e9a00000)
  from space 26112K, 99% used [0x00000000eb780000,0x00000000ed0df148,0x00000000ed100000)
  to   space 30208K, 0% used [0x00000000e9a00000,0x00000000e9a00000,0x00000000eb780000)
 ParOldGen       total 53248K, used 40474K [0x0000000085200000, 0x0000000088600000, 0x00000000d7100000)
  object space 53248K, 76% used [0x0000000085200000,0x0000000087986920,0x0000000088600000)
 Metaspace       used 26095K, capacity 27000K, committed 27264K, reserved 1073152K
  class space    used 2869K, capacity 3094K, committed 3200K, reserved 1048576K
}
Event: 6.516 GC heap before
{Heap before GC invocations=12 (full 1):
 PSYoungGen      total 330240K, used 279755K [0x00000000d7100000, 0x00000000f0000000, 0x0000000100000000)
  eden space 304128K, 83% used [0x00000000d7100000,0x00000000e68d3d88,0x00000000e9a00000)
  from space 26112K, 99% used [0x00000000eb780000,0x00000000ed0df148,0x00000000ed100000)
  to   space 30208K, 0% used [0x00000000e9a00000,0x00000000e9a00000,0x00000000eb780000)
 ParOldGen       total 53248K, used 40474K [0x0000000085200000, 0x0000000088600000, 0x00000000d7100000)
  object space 53248K, 76% used [0x0000000085200000,0x0000000087986920,0x0000000088600000)
 Metaspace       used 34111K, capacity 35310K, committed 35456K, reserved 1081344K
  class space    used 3815K, capacity 4101K, committed 4224K, reserved 1048576K
Event: 6.529 GC heap after
Heap after GC invocations=12 (full 1):
 PSYoungGen      total 334336K, used 10843K [0x00000000d7100000, 0x00000000f4800000, 0x0000000100000000)
  eden space 304128K, 0% used [0x00000000d7100000,0x00000000d7100000,0x00000000e9a00000)
  from space 30208K, 35% used [0x00000000e9a00000,0x00000000ea496dd8,0x00000000eb780000)
  to   space 28672K, 0% used [0x00000000f2c00000,0x00000000f2c00000,0x00000000f4800000)
 ParOldGen       total 53248K, used 46932K [0x0000000085200000, 0x0000000088600000, 0x00000000d7100000)
  object space 53248K, 88% used [0x0000000085200000,0x0000000087fd5128,0x0000000088600000)
 Metaspace       used 34111K, capacity 35310K, committed 35456K, reserved 1081344K
  class space    used 3815K, capacity 4101K, committed 4224K, reserved 1048576K
}
Event: 6.529 GC heap before
{Heap before GC invocations=13 (full 2):
 PSYoungGen      total 334336K, used 10843K [0x00000000d7100000, 0x00000000f4800000, 0x0000000100000000)
  eden space 304128K, 0% used [0x00000000d7100000,0x00000000d7100000,0x00000000e9a00000)
  from space 30208K, 35% used [0x00000000e9a00000,0x00000000ea496dd8,0x00000000eb780000)
  to   space 28672K, 0% used [0x00000000f2c00000,0x00000000f2c00000,0x00000000f4800000)
 ParOldGen       total 53248K, used 46932K [0x0000000085200000, 0x0000000088600000, 0x00000000d7100000)
  object space 53248K, 88% used [0x0000000085200000,0x0000000087fd5128,0x0000000088600000)
 Metaspace       used 34111K, capacity 35310K, committed 35456K, reserved 1081344K
  class space    used 3815K, capacity 4101K, committed 4224K, reserved 1048576K
Event: 6.578 GC heap after
Heap after GC invocations=13 (full 2):
 PSYoungGen      total 334336K, used 0K [0x00000000d7100000, 0x00000000f4800000, 0x0000000100000000)
  eden space 304128K, 0% used [0x00000000d7100000,0x00000000d7100000,0x00000000e9a00000)
  from space 30208K, 0% used [0x00000000e9a00000,0x00000000e9a00000,0x00000000eb780000)
  to   space 28672K, 0% used [0x00000000f2c00000,0x00000000f2c00000,0x00000000f4800000)
 ParOldGen       total 92672K, used 27866K [0x0000000085200000, 0x000000008ac80000, 0x00000000d7100000)
  object space 92672K, 30% used [0x0000000085200000,0x0000000086d368a8,0x000000008ac80000)
 Metaspace       used 34111K, capacity 35310K, committed 35456K, reserved 1081344K
  class space    used 3815K, capacity 4101K, committed 4224K, reserved 1048576K
}
Event: 7.414 GC heap before
{Heap before GC invocations=14 (full 2):
 PSYoungGen      total 334336K, used 304128K [0x00000000d7100000, 0x00000000f4800000, 0x0000000100000000)
  eden space 304128K, 100% used [0x00000000d7100000,0x00000000e9a00000,0x00000000e9a00000)
  from space 30208K, 0% used [0x00000000e9a00000,0x00000000e9a00000,0x00000000eb780000)
  to   space 28672K, 0% used [0x00000000f2c00000,0x00000000f2c00000,0x00000000f4800000)
 ParOldGen       total 92672K, used 27866K [0x0000000085200000, 0x000000008ac80000, 0x00000000d7100000)
  object space 92672K, 30% used [0x0000000085200000,0x0000000086d368a8,0x000000008ac80000)
 Metaspace       used 35885K, capacity 37208K, committed 37376K, reserved 1083392K
  class space    used 4084K, capacity 4346K, committed 4352K, reserved 1048576K
Event: 7.428 GC heap after
Heap after GC invocations=14 (full 2):
 PSYoungGen      total 453632K, used 16561K [0x00000000d7100000, 0x00000000f4c00000, 0x0000000100000000)
  eden space 424960K, 0% used [0x00000000d7100000,0x00000000d7100000,0x00000000f1000000)
  from space 28672K, 57% used [0x00000000f2c00000,0x00000000f3c2c4d0,0x00000000f4800000)
  to   space 28672K, 0% used [0x00000000f1000000,0x00000000f1000000,0x00000000f2c00000)
 ParOldGen       total 92672K, used 27874K [0x0000000085200000, 0x000000008ac80000, 0x00000000d7100000)
  object space 92672K, 30% used [0x0000000085200000,0x0000000086d388a8,0x000000008ac80000)
 Metaspace       used 35885K, capacity 37208K, committed 37376K, reserved 1083392K
  class space    used 4084K, capacity 4346K, committed 4352K, reserved 1048576K
}

Deoptimization events (10 events):
Event: 8.426 Thread 0x000000001da89800 Uncommon trap: reason=unhandled action=none pc=0x00000000039c7a10 method=java.net.URLClassLoader.findClass(Ljava/lang/String;)Ljava/lang/Class; @ 44
Event: 8.430 Thread 0x000000001da89800 Uncommon trap: reason=bimorphic action=maybe_recompile pc=0x00000000034d0fe0 method=java.util.stream.MatchOps$MatchOp.evaluateSequential(Ljava/util/stream/PipelineHelper;Ljava/util/Spliterator;)Ljava/lang/Boolean; @ 14
Event: 8.430 Thread 0x000000001da89800 Uncommon trap: reason=bimorphic action=maybe_recompile pc=0x0000000003668d48 method=java.util.stream.ReferencePipeline.forEachWithCancel(Ljava/util/Spliterator;Ljava/util/stream/Sink;)V @ 1
Event: 8.431 Thread 0x000000001da89800 Uncommon trap: reason=bimorphic action=maybe_recompile pc=0x00000000034d0fe0 method=java.util.stream.MatchOps$MatchOp.evaluateSequential(Ljava/util/stream/PipelineHelper;Ljava/util/Spliterator;)Ljava/lang/Boolean; @ 14
Event: 8.431 Thread 0x000000001da89800 Uncommon trap: reason=bimorphic action=maybe_recompile pc=0x0000000003668d48 method=java.util.stream.ReferencePipeline.forEachWithCancel(Ljava/util/Spliterator;Ljava/util/stream/Sink;)V @ 1
Event: 8.431 Thread 0x000000001da89800 Uncommon trap: reason=bimorphic action=maybe_recompile pc=0x00000000034d0fe0 method=java.util.stream.MatchOps$MatchOp.evaluateSequential(Ljava/util/stream/PipelineHelper;Ljava/util/Spliterator;)Ljava/lang/Boolean; @ 14
Event: 8.431 Thread 0x000000001da89800 Uncommon trap: reason=bimorphic action=maybe_recompile pc=0x0000000003668d48 method=java.util.stream.ReferencePipeline.forEachWithCancel(Ljava/util/Spliterator;Ljava/util/stream/Sink;)V @ 1
Event: 8.431 Thread 0x000000001da89800 Uncommon trap: reason=bimorphic action=maybe_recompile pc=0x00000000034d0fe0 method=java.util.stream.MatchOps$MatchOp.evaluateSequential(Ljava/util/stream/PipelineHelper;Ljava/util/Spliterator;)Ljava/lang/Boolean; @ 14
Event: 8.431 Thread 0x000000001da89800 Uncommon trap: reason=bimorphic action=maybe_recompile pc=0x0000000003668d48 method=java.util.stream.ReferencePipeline.forEachWithCancel(Ljava/util/Spliterator;Ljava/util/stream/Sink;)V @ 1
Event: 8.431 Thread 0x000000001da89800 Uncommon trap: reason=bimorphic action=maybe_recompile pc=0x000000000366424c method=java.util.stream.ReferencePipeline.forEachWithCancel(Ljava/util/Spliterator;Ljava/util/stream/Sink;)V @ 1

Classes redefined (0 events):
No events

Internal exceptions (10 events):
Event: 8.338 Thread 0x000000001da89800 Exception <a 'java/lang/ClassNotFoundException': org/springframework/context/annotation/ConfigurationClassEnhancer$EnhancedConfigurationCustomizer> (0x00000000e71e5d20) thrown at [C:\re\workspace\8-2-build-windows-amd64-cygwin\jdk8u202\12323\hotspot\src\s
Event: 8.338 Thread 0x000000001da89800 Exception <a 'java/lang/ClassNotFoundException': org/springframework/beans/factory/BeanFactoryAwareCustomizer> (0x00000000e7214568) thrown at [C:\re\workspace\8-2-build-windows-amd64-cygwin\jdk8u202\12323\hotspot\src\share\vm\classfile\systemDictionary.cp
Event: 8.339 Thread 0x000000001da89800 Exception <a 'java/lang/ClassNotFoundException': org/springframework/beans/factory/AwareCustomizer> (0x00000000e723dc10) thrown at [C:\re\workspace\8-2-build-windows-amd64-cygwin\jdk8u202\12323\hotspot\src\share\vm\classfile\systemDictionary.cpp, line 210
Event: 8.339 Thread 0x000000001da89800 Exception <a 'java/lang/ClassNotFoundException': org/springframework/context/annotation/ImportAwareCustomizer> (0x00000000e726c528) thrown at [C:\re\workspace\8-2-build-windows-amd64-cygwin\jdk8u202\12323\hotspot\src\share\vm\classfile\systemDictionary.cp
Event: 8.340 Thread 0x000000001da89800 Exception <a 'java/lang/ClassNotFoundException': org/springframework/beans/factory/AwareCustomizer> (0x00000000e72954a0) thrown at [C:\re\workspace\8-2-build-windows-amd64-cygwin\jdk8u202\12323\hotspot\src\share\vm\classfile\systemDictionary.cpp, line 210
Event: 8.340 Thread 0x000000001da89800 Exception <a 'java/lang/ArrayIndexOutOfBoundsException': 83> (0x00000000e7298120) thrown at [C:\re\workspace\8-2-build-windows-amd64-cygwin\jdk8u202\12323\hotspot\src\share\vm\interpreter\interpreterRuntime.cpp, line 368]
Event: 8.401 Thread 0x000000001da89800 Exception <a 'java/lang/ArrayIndexOutOfBoundsException': 119> (0x00000000e768ea00) thrown at [C:\re\workspace\8-2-build-windows-amd64-cygwin\jdk8u202\12323\hotspot\src\share\vm\interpreter\interpreterRuntime.cpp, line 368]
Event: 8.404 Thread 0x000000001da89800 Exception <a 'java/lang/NoSuchMethodError': java.lang.Object.lambda$comparingInt$7b0bb60$1(Ljava/util/function/ToIntFunction;Ljava/lang/Object;Ljava/lang/Object;)I> (0x00000000e76aaec0) thrown at [C:\re\workspace\8-2-build-windows-amd64-cygwin\jdk8u202\12
Event: 8.415 Thread 0x000000001da89800 Exception <a 'java/lang/ArrayIndexOutOfBoundsException': 67> (0x00000000e76dba88) thrown at [C:\re\workspace\8-2-build-windows-amd64-cygwin\jdk8u202\12323\hotspot\src\share\vm\interpreter\interpreterRuntime.cpp, line 368]
Event: 8.418 Thread 0x000000001da89800 Exception <a 'java/lang/ArrayIndexOutOfBoundsException': 40> (0x00000000e7738328) thrown at [C:\re\workspace\8-2-build-windows-amd64-cygwin\jdk8u202\12323\hotspot\src\share\vm\interpreter\interpreterRuntime.cpp, line 368]

Events (10 events):
Event: 8.431 Thread 0x000000001da89800 DEOPT PACKING pc=0x000000000366424c sp=0x000000001eadc590
Event: 8.431 Thread 0x000000001da89800 DEOPT UNPACKING pc=0x0000000002e1583b sp=0x000000001eadc508 mode 2
Event: 8.441 Thread 0x000000001da89800 DEOPT PACKING pc=0x00000000037ee55c sp=0x000000001eadcf80
Event: 8.441 Thread 0x000000001da89800 DEOPT UNPACKING pc=0x0000000002e17890 sp=0x000000001eadcd20 mode 1
Event: 8.441 Thread 0x000000001da89800 DEOPT PACKING pc=0x00000000041da8e4 sp=0x000000001eadd050
Event: 8.441 Thread 0x000000001da89800 DEOPT UNPACKING pc=0x0000000002e17890 sp=0x000000001eadcda8 mode 1
Event: 8.443 Thread 0x000000001da89800 DEOPT PACKING pc=0x00000000037ee55c sp=0x000000001eadcf80
Event: 8.443 Thread 0x000000001da89800 DEOPT UNPACKING pc=0x0000000002e17890 sp=0x000000001eadcd20 mode 1
Event: 8.443 Thread 0x000000001da89800 DEOPT PACKING pc=0x00000000041da8e4 sp=0x000000001eadd050
Event: 8.443 Thread 0x000000001da89800 DEOPT UNPACKING pc=0x0000000002e17890 sp=0x000000001eadcda8 mode 1


Dynamic libraries:
0x00007ff6a7570000 - 0x00007ff6a75a7000 	C:\Program Files\Java\jdk1.8.0_202\bin\javaw.exe
0x00007ffed3f50000 - 0x00007ffed4166000 	C:\windows\SYSTEM32\ntdll.dll
0x00007ffed2f80000 - 0x00007ffed3044000 	C:\windows\System32\KERNEL32.DLL
0x00007ffed1590000 - 0x00007ffed1936000 	C:\windows\System32\KERNELBASE.dll
0x00007ffed3b60000 - 0x00007ffed3c12000 	C:\windows\System32\ADVAPI32.dll
0x00007ffed1cd0000 - 0x00007ffed1d77000 	C:\windows\System32\msvcrt.dll
0x00007ffed3ab0000 - 0x00007ffed3b58000 	C:\windows\System32\sechost.dll
0x00007ffed1300000 - 0x00007ffed1328000 	C:\windows\System32\bcrypt.dll
0x00007ffed38b0000 - 0x00007ffed39c5000 	C:\windows\System32\RPCRT4.dll
0x00007ffed3d60000 - 0x00007ffed3f0d000 	C:\windows\System32\USER32.dll
0x00007ffed13f0000 - 0x00007ffed1416000 	C:\windows\System32\win32u.dll
0x00007ffed39d0000 - 0x00007ffed39f9000 	C:\windows\System32\GDI32.dll
0x00007ffed1b00000 - 0x00007ffed1c18000 	C:\windows\System32\gdi32full.dll
0x00007ffed1a60000 - 0x00007ffed1afa000 	C:\windows\System32\msvcp_win.dll
0x00007ffed1940000 - 0x00007ffed1a51000 	C:\windows\System32\ucrtbase.dll
0x00007ffea9880000 - 0x00007ffea9b13000 	C:\windows\WinSxS\amd64_microsoft.windows.common-controls_6595b64144ccf1df_6.0.22621.3235_none_270f74e173860f98\COMCTL32.dll
0x00007ffed2b30000 - 0x00007ffed2b61000 	C:\windows\System32\IMM32.DLL
0x000000005f5e0000 - 0x000000005f6b2000 	C:\Program Files\Java\jdk1.8.0_202\jre\bin\msvcr100.dll
0x0000000058720000 - 0x0000000058fc5000 	C:\Program Files\Java\jdk1.8.0_202\jre\bin\server\jvm.dll
0x00007ffec5b70000 - 0x00007ffec5ba4000 	C:\windows\SYSTEM32\WINMM.dll
0x00007ffed3390000 - 0x00007ffed3398000 	C:\windows\System32\PSAPI.DLL
0x00007ffec2820000 - 0x00007ffec282a000 	C:\windows\SYSTEM32\VERSION.dll
0x00007ffeac330000 - 0x00007ffeac339000 	C:\windows\SYSTEM32\WSOCK32.dll
0x00007ffed3050000 - 0x00007ffed30c1000 	C:\windows\System32\WS2_32.dll
0x00007ffec2720000 - 0x00007ffec272f000 	C:\Program Files\Java\jdk1.8.0_202\jre\bin\verify.dll
0x00007ffeaa360000 - 0x00007ffeaa389000 	C:\Program Files\Java\jdk1.8.0_202\jre\bin\java.dll
0x00007ffea1530000 - 0x00007ffea1565000 	C:\Program Files\Java\jdk1.8.0_202\jre\bin\jdwp.dll
0x00007ffeb8460000 - 0x00007ffeb8468000 	C:\Program Files\Java\jdk1.8.0_202\jre\bin\npt.dll
0x00007ffea16b0000 - 0x00007ffea16d3000 	C:\Program Files\Java\jdk1.8.0_202\jre\bin\instrument.dll
0x00007ffeafb10000 - 0x00007ffeafb26000 	C:\Program Files\Java\jdk1.8.0_202\jre\bin\zip.dll
0x00007ffed1f30000 - 0x00007ffed278d000 	C:\windows\System32\SHELL32.dll
0x00007ffecf1a0000 - 0x00007ffecfa98000 	C:\windows\SYSTEM32\windows.storage.dll
0x00007ffed2790000 - 0x00007ffed2b18000 	C:\windows\System32\combase.dll
0x00007ffecf060000 - 0x00007ffecf19e000 	C:\windows\SYSTEM32\wintypes.dll
0x00007ffed3290000 - 0x00007ffed3383000 	C:\windows\System32\SHCORE.dll
0x00007ffed2f20000 - 0x00007ffed2f7e000 	C:\windows\System32\shlwapi.dll
0x00007ffed11c0000 - 0x00007ffed11e6000 	C:\windows\SYSTEM32\profapi.dll
0x00007ffeb4c20000 - 0x00007ffeb4c29000 	C:\Program Files\Java\jdk1.8.0_202\jre\bin\dt_socket.dll
0x00007ffea0d60000 - 0x00007ffea0d77000 	C:\windows\system32\napinsp.dll
0x00007ffea0d20000 - 0x00007ffea0d3b000 	C:\windows\system32\pnrpnsp.dll
0x00007ffed0750000 - 0x00007ffed07b9000 	C:\windows\System32\mswsock.dll
0x00007ffecfdc0000 - 0x00007ffecfeb9000 	C:\windows\SYSTEM32\DNSAPI.dll
0x00007ffecfd40000 - 0x00007ffecfd6d000 	C:\windows\SYSTEM32\IPHLPAPI.DLL
0x00007ffed3aa0000 - 0x00007ffed3aa9000 	C:\windows\System32\NSI.dll
0x00007ffea0d00000 - 0x00007ffea0d11000 	C:\windows\System32\winrnr.dll
0x00007ffec6430000 - 0x00007ffec6445000 	C:\windows\system32\wshbth.dll
0x00007ffea0c90000 - 0x00007ffea0cb1000 	C:\windows\system32\nlansp_c.dll
0x000000005f850000 - 0x000000005f885000 	C:\Program Files\Bonjour\mdnsNSP.dll
0x00007ffec59c0000 - 0x00007ffec5a43000 	C:\windows\System32\fwpuclnt.dll
0x00007ffeca3e0000 - 0x00007ffeca3ea000 	C:\Windows\System32\rasadhlp.dll
0x00007ffeb4b00000 - 0x00007ffeb4b0d000 	C:\Program Files\Java\jdk1.8.0_202\jre\bin\management.dll
0x00007ffeae2a0000 - 0x00007ffeae2ba000 	C:\Program Files\Java\jdk1.8.0_202\jre\bin\net.dll
0x00007ffeac950000 - 0x00007ffeacb40000 	C:\windows\SYSTEM32\urlmon.dll
0x00007ffeac3b0000 - 0x00007ffeac3d8000 	C:\windows\SYSTEM32\srvcli.dll
0x00007ffecfcc0000 - 0x00007ffecfccc000 	C:\windows\SYSTEM32\netutils.dll
0x00007ffeac3e0000 - 0x00007ffeac69c000 	C:\windows\SYSTEM32\iertutil.dll
0x00007ffeabfc0000 - 0x00007ffeabfd2000 	C:\Program Files\Java\jdk1.8.0_202\jre\bin\nio.dll

VM Arguments:
jvm_args: -agentlib:jdwp=transport=dt_socket,suspend=y,address=localhost:49792 -javaagent:D:\JAVA\eclipse-jee-2023-06-R-win32-x86_64\eclipse\configuration\org.eclipse.osgi\2269\0\.cp\lib\javaagent-shaded.jar -Dfile.encoding=UTF-8 -Dstdout.encoding=UTF-8 -Dstderr.encoding=UTF-8 
java_command: com.Application
java_class_path (initial): C:\Users\sandip\git\bzcomposer_web\target\classes;C:\Users\sandip\.m2\repository\org\springframework\boot\spring-boot-starter-web\2.3.3.RELEASE\spring-boot-starter-web-2.3.3.RELEASE.jar;C:\Users\sandip\.m2\repository\org\springframework\boot\spring-boot-starter\2.3.3.RELEASE\spring-boot-starter-2.3.3.RELEASE.jar;C:\Users\sandip\.m2\repository\org\springframework\boot\spring-boot-starter-logging\2.3.3.RELEASE\spring-boot-starter-logging-2.3.3.RELEASE.jar;C:\Users\sandip\.m2\repository\ch\qos\logback\logback-classic\1.2.3\logback-classic-1.2.3.jar;C:\Users\sandip\.m2\repository\ch\qos\logback\logback-core\1.2.3\logback-core-1.2.3.jar;C:\Users\sandip\.m2\repository\org\apache\logging\log4j\log4j-to-slf4j\2.13.3\log4j-to-slf4j-2.13.3.jar;C:\Users\sandip\.m2\repository\org\slf4j\jul-to-slf4j\1.7.30\jul-to-slf4j-1.7.30.jar;C:\Users\sandip\.m2\repository\org\yaml\snakeyaml\1.26\snakeyaml-1.26.jar;C:\Users\sandip\.m2\repository\org\springframework\boot\spring-boot-starter-json\2.3.3.RELEASE\spring-boot-starter-json-2.3.3.RELEASE.jar;C:\Users\sandip\.m2\repository\com\fasterxml\jackson\datatype\jackson-datatype-jdk8\2.11.2\jackson-datatype-jdk8-2.11.2.jar;C:\Users\sandip\.m2\repository\com\fasterxml\jackson\datatype\jackson-datatype-jsr310\2.11.2\jackson-datatype-jsr310-2.11.2.jar;C:\Users\sandip\.m2\repository\com\fasterxml\jackson\module\jackson-module-parameter-names\2.11.2\jackson-module-parameter-names-2.11.2.jar;C:\Users\sandip\.m2\repository\org\springframework\spring-web\5.2.8.RELEASE\spring-web-5.2.8.RELEASE.jar;C:\Users\sandip\.m2\repository\org\springframework\spring-beans\5.2.8.RELEASE\spring-beans-5.2.8.RELEASE.jar;C:\Users\sandip\.m2\repository\org\springframework\spring-webmvc\5.2.8.RELEASE\spring-webmvc-5.2.8.RELEASE.jar;C:\Users\sandip\.m2\repository\org\springframework\spring-aop\5.2.8.RELEASE\spring-aop-5.2.8.RELEASE.jar;C:\Users\sandip\.m2\repository\org\springframework\spring-context\5.2.8.RELEASE\spring-context-5.2.8.RELEASE
Launcher Type: SUN_STANDARD

Environment Variables:
JAVA_HOME=C:\Program Files\Java\jdk1.8.0_202
PATH=C:\Program Files\Java\jdk1.8.0_202\jre\bin;D:/JAVA/eclipse-jee-2023-06-R-win32-x86_64/eclipse//plugins/org.eclipse.justj.openjdk.hotspot.jre.full.win32.x86_64_17.0.10.v20240120-1143/jre/bin/server;D:/JAVA/eclipse-jee-2023-06-R-win32-x86_64/eclipse//plugins/org.eclipse.justj.openjdk.hotspot.jre.full.win32.x86_64_17.0.10.v20240120-1143/jre/bin;C:\Program Files\Common Files\Oracle\Java\javapath;C:\Program Files (x86)\Common Files\Oracle\Java\javapath;C:\windows\system32;C:\windows;C:\windows\System32\Wbem;C:\windows\System32\WindowsPowerShell\v1.0\;C:\windows\System32\OpenSSH\;C:\Program Files\MySQL\MySQL Server 8.0\bin;C:\Program Files (x86)\Inno Setup 6;C:\Program Files\Java\jdk-17\bin;C:\Program Files (x86)\Windows Kits\10\Windows Performance Toolkit\;C:\Program Files\Git\cmd;C:\tools\apache-maven-3.9.6-bin\apache-maven-3.9.6\bin;C:\Program Files\Redis\;C:\Program Files\MySQL\MySQL Shell 8.0\bin\;C:\Users\sandip\AppData\Local\Microsoft\WindowsApps;C:\Program Files (x86)\Inno Setup 6;C:\Program Files\Java\jdk-17\bin;C:\Users\sandip\AppData\Local\GitHubDesktop\bin;C:\tools\apache-maven-3.9.6-bin\apache-maven-3.9.6\bin;;D:\JAVA\eclipse-jee-2023-06-R-win32-x86_64\eclipse;
USERNAME=sandip
OS=Windows_NT
PROCESSOR_IDENTIFIER=Intel64 Family 6 Model 154 Stepping 3, GenuineIntel



---------------  S Y S T E M  ---------------

OS: Windows 10.0 , 64 bit Build 22621 (10.0.22621.3235)

CPU:total 16 (initial active 16) (8 cores per cpu, 2 threads per core) family 6 model 154 stepping 3, cmov, cx8, fxsr, mmx, sse, sse2, sse3, ssse3, sse4.1, sse4.2, popcnt, avx, avx2, aes, clmul, erms, 3dnowpref, lzcnt, ht, tsc, tscinvbit, bmi1, bmi2, adx

Memory: 4k page, physical 8048836k(169728k free), swap 25968832k(3468k free)

vm_info: Java HotSpot(TM) 64-Bit Server VM (25.202-b08) for windows-amd64 JRE (1.8.0_202-b08), built on Dec 15 2018 19:54:30 by "java_re" with MS VC++ 10.0 (VS2010)

time: Sat Mar 30 11:53:29 2024
timezone: India Standard Time
elapsed time: 8 seconds (0d 0h 0m 8s)

