#
# There is insufficient memory for the Java Runtime Environment to continue.
# Native memory allocation (malloc) failed to allocate 295856 bytes for Chunk::new
# Possible reasons:
#   The system is out of physical RAM or swap space
#   The process is running with CompressedOops enabled, and the Java Heap may be blocking the growth of the native heap
# Possible solutions:
#   Reduce memory load on the system
#   Increase physical memory or swap space
#   Check if swap backing store is full
#   Decrease Java heap size (-Xmx/-Xms)
#   Decrease number of Java threads
#   Decrease Java thread stack sizes (-Xss)
#   Set larger code cache with -XX:ReservedCodeCacheSize=
#   JVM is running with Unscaled Compressed Oops mode in which the Java heap is
#     placed in the first 4GB address space. The Java Heap base address is the
#     maximum limit for the native heap growth. Please use -XX:HeapBaseMinAddress
#     to set the Java Heap base and to place the Java Heap above 4GB virtual address.
# This output file may be truncated or incomplete.
#
#  Out of Memory Error (allocation.cpp:389), pid=19068, tid=0x00000000000013a0
#
# JRE version: Java(TM) SE Runtime Environment (8.0_202-b08) (build 1.8.0_202-b08)
# Java VM: Java HotSpot(TM) 64-Bit Server VM (25.202-b08 mixed mode windows-amd64 compressed oops)
# Failed to write core dump. Minidumps are not enabled by default on client versions of Windows
#

---------------  T H R E A D  ---------------

Current thread (0x000000001d183000):  JavaThread "restartedMain" [_thread_in_native, id=5024, stack(0x000000001e1b0000,0x000000001e2b0000)]

Stack: [0x000000001e1b0000,0x000000001e2b0000]
[error occurred during error reporting (printing stack bounds), id 0xc0000005]

Native frames: (J=compiled Java code, j=interpreted, Vv=VM code, C=native code)

Java frames: (J=compiled Java code, j=interpreted, Vv=VM code)
J 803  java.lang.Class.forName0(Ljava/lang/String;ZLjava/lang/ClassLoader;Ljava/lang/Class;)Ljava/lang/Class; (0 bytes) @ 0x0000000003345a87 [0x0000000003345a00+0x87]
J 829 C1 java.lang.Class.forName(Ljava/lang/String;ZLjava/lang/ClassLoader;)Ljava/lang/Class; (53 bytes) @ 0x000000000334f9ac [0x000000000334f880+0x12c]
j  sun.nio.cs.AbstractCharsetProvider.lookup(Ljava/lang/String;)Ljava/nio/charset/Charset;+86
j  sun.nio.cs.AbstractCharsetProvider.charsetForName(Ljava/lang/String;)Ljava/nio/charset/Charset;+14
j  java.nio.charset.Charset.lookupExtendedCharset(Ljava/lang/String;)Ljava/nio/charset/Charset;+10
j  java.nio.charset.Charset.lookup2(Ljava/lang/String;)Ljava/nio/charset/Charset;+48
j  java.nio.charset.Charset.lookup(Ljava/lang/String;)Ljava/nio/charset/Charset;+40
j  java.nio.charset.Charset.forName(Ljava/lang/String;)Ljava/nio/charset/Charset;+1
j  com.mysql.cj.MysqlCharset.<init>(Ljava/lang/String;II[Ljava/lang/String;Lcom/mysql/cj/ServerVersion;)V+61
j  com.mysql.cj.CharsetMapping.<clinit>()V+247
v  ~StubRoutines::call_stub
j  com.mysql.cj.protocol.a.NativeProtocol.beforeHandshake()V+28
j  com.mysql.cj.protocol.a.NativeProtocol.connect(Ljava/lang/String;Ljava/lang/String;Ljava/lang/String;)V+1
j  com.mysql.cj.NativeSession.connect(Lcom/mysql/cj/conf/HostInfo;Ljava/lang/String;Ljava/lang/String;Ljava/lang/String;ILcom/mysql/cj/TransactionEventHandler;)V+110
j  com.mysql.cj.jdbc.ConnectionImpl.connectOneTryOnly(Z)V+32
j  com.mysql.cj.jdbc.ConnectionImpl.createNewIO(Z)V+27
j  com.mysql.cj.jdbc.ConnectionImpl.<init>(Lcom/mysql/cj/conf/HostInfo;)V+753
j  com.mysql.cj.jdbc.ConnectionImpl.getInstance(Lcom/mysql/cj/conf/HostInfo;)Lcom/mysql/cj/jdbc/JdbcConnection;+5
j  com.mysql.cj.jdbc.NonRegisteringDriver.connect(Ljava/lang/String;Ljava/util/Properties;)Ljava/sql/Connection;+72
j  com.zaxxer.hikari.util.DriverDataSource.getConnection(Ljava/lang/String;Ljava/lang/String;)Ljava/sql/Connection;+61
j  com.zaxxer.hikari.pool.PoolBase.newConnection()Ljava/sql/Connection;+49
j  com.zaxxer.hikari.pool.PoolBase.newPoolEntry()Lcom/zaxxer/hikari/pool/PoolEntry;+5
j  com.zaxxer.hikari.pool.HikariPool.createPoolEntry()Lcom/zaxxer/hikari/pool/PoolEntry;+1
j  com.zaxxer.hikari.pool.HikariPool.checkFailFast()V+20
j  com.zaxxer.hikari.pool.HikariPool.<init>(Lcom/zaxxer/hikari/HikariConfig;)V+128
j  com.zaxxer.hikari.HikariDataSource.getConnection()Ljava/sql/Connection;+100
j  org.hibernate.engine.jdbc.connections.internal.DatasourceConnectionProviderImpl.getConnection()Ljava/sql/Connection;+48
j  org.hibernate.engine.jdbc.env.internal.JdbcEnvironmentInitiator$ConnectionProviderJdbcConnectionAccess.obtainConnection()Ljava/sql/Connection;+4
j  org.hibernate.engine.jdbc.env.internal.JdbcEnvironmentInitiator.initiateService(Ljava/util/Map;Lorg/hibernate/service/spi/ServiceRegistryImplementor;)Lorg/hibernate/engine/jdbc/env/spi/JdbcEnvironment;+36
j  org.hibernate.engine.jdbc.env.internal.JdbcEnvironmentInitiator.initiateService(Ljava/util/Map;Lorg/hibernate/service/spi/ServiceRegistryImplementor;)Lorg/hibernate/service/Service;+3
j  org.hibernate.boot.registry.internal.StandardServiceRegistryImpl.initiateService(Lorg/hibernate/service/spi/ServiceInitiator;)Lorg/hibernate/service/Service;+9
j  org.hibernate.service.internal.AbstractServiceRegistryImpl.createService(Lorg/hibernate/service/spi/ServiceBinding;)Lorg/hibernate/service/Service;+26
j  org.hibernate.service.internal.AbstractServiceRegistryImpl.initializeService(Lorg/hibernate/service/spi/ServiceBinding;)Lorg/hibernate/service/Service;+30
j  org.hibernate.service.internal.AbstractServiceRegistryImpl.getService(Ljava/lang/Class;)Lorg/hibernate/service/Service;+88
j  org.hibernate.id.factory.internal.DefaultIdentifierGeneratorFactory.injectServices(Lorg/hibernate/service/spi/ServiceRegistryImplementor;)V+9
j  org.hibernate.service.internal.AbstractServiceRegistryImpl.injectDependencies(Lorg/hibernate/service/spi/ServiceBinding;)V+24
j  org.hibernate.service.internal.AbstractServiceRegistryImpl.initializeService(Lorg/hibernate/service/spi/ServiceBinding;)Lorg/hibernate/service/Service;+45
j  org.hibernate.service.internal.AbstractServiceRegistryImpl.getService(Ljava/lang/Class;)Lorg/hibernate/service/Service;+88
j  org.hibernate.boot.internal.InFlightMetadataCollectorImpl.<init>(Lorg/hibernate/boot/spi/BootstrapContext;Lorg/hibernate/boot/spi/MetadataBuildingOptions;)V+277
j  org.hibernate.boot.model.process.spi.MetadataBuildingProcess.complete(Lorg/hibernate/boot/model/process/spi/ManagedResources;Lorg/hibernate/boot/spi/BootstrapContext;Lorg/hibernate/boot/spi/MetadataBuildingOptions;)Lorg/hibernate/boot/spi/MetadataImplementor;+6
j  org.hibernate.jpa.boot.internal.EntityManagerFactoryBuilderImpl.metadata()Lorg/hibernate/boot/spi/MetadataImplementor;+30
j  org.hibernate.jpa.boot.internal.EntityManagerFactoryBuilderImpl.build()Ljavax/persistence/EntityManagerFactory;+1
j  org.springframework.orm.jpa.vendor.SpringHibernateJpaPersistenceProvider.createContainerEntityManagerFactory(Ljavax/persistence/spi/PersistenceUnitInfo;Ljava/util/Map;)Ljavax/persistence/EntityManagerFactory;+55
j  org.springframework.orm.jpa.LocalContainerEntityManagerFactoryBean.createNativeEntityManagerFactory()Ljavax/persistence/EntityManagerFactory;+129
j  org.springframework.orm.jpa.AbstractEntityManagerFactoryBean.buildNativeEntityManagerFactory()Ljavax/persistence/EntityManagerFactory;+1
j  org.springframework.orm.jpa.AbstractEntityManagerFactoryBean.afterPropertiesSet()V+192
j  org.springframework.orm.jpa.LocalContainerEntityManagerFactoryBean.afterPropertiesSet()V+77
j  org.springframework.beans.factory.support.AbstractAutowireCapableBeanFactory.invokeInitMethods(Ljava/lang/String;Ljava/lang/Object;Lorg/springframework/beans/factory/support/RootBeanDefinition;)V+106
j  org.springframework.beans.factory.support.AbstractAutowireCapableBeanFactory.initializeBean(Ljava/lang/String;Ljava/lang/Object;Lorg/springframework/beans/factory/support/RootBeanDefinition;)Ljava/lang/Object;+59
j  org.springframework.beans.factory.support.AbstractAutowireCapableBeanFactory.doCreateBean(Ljava/lang/String;Lorg/springframework/beans/factory/support/RootBeanDefinition;[Ljava/lang/Object;)Ljava/lang/Object;+245
j  org.springframework.beans.factory.support.AbstractAutowireCapableBeanFactory.createBean(Ljava/lang/String;Lorg/springframework/beans/factory/support/RootBeanDefinition;[Ljava/lang/Object;)Ljava/lang/Object;+169
j  org.springframework.beans.factory.support.AbstractBeanFactory.lambda$doGetBean$0(Ljava/lang/String;Lorg/springframework/beans/factory/support/RootBeanDefinition;[Ljava/lang/Object;)Ljava/lang/Object;+4
j  org.springframework.beans.factory.support.AbstractBeanFactory$$Lambda$176.getObject()Ljava/lang/Object;+16
j  org.springframework.beans.factory.support.DefaultSingletonBeanRegistry.getSingleton(Ljava/lang/String;Lorg/springframework/beans/factory/ObjectFactory;)Ljava/lang/Object;+132
J 3321 C1 org.springframework.beans.factory.support.AbstractBeanFactory.doGetBean(Ljava/lang/String;Ljava/lang/Class;[Ljava/lang/Object;Z)Ljava/lang/Object; (874 bytes) @ 0x000000000373187c [0x0000000003731360+0x51c]
j  org.springframework.beans.factory.support.AbstractBeanFactory.getBean(Ljava/lang/String;)Ljava/lang/Object;+5
j  org.springframework.context.support.AbstractApplicationContext.getBean(Ljava/lang/String;)Ljava/lang/Object;+9
j  org.springframework.context.support.AbstractApplicationContext.finishBeanFactoryInitialization(Lorg/springframework/beans/factory/config/ConfigurableListableBeanFactory;)V+100
j  org.springframework.context.support.AbstractApplicationContext.refresh()V+54
j  org.springframework.boot.web.servlet.context.ServletWebServerApplicationContext.refresh()V+1
j  org.springframework.boot.SpringApplication.refresh(Lorg/springframework/context/ConfigurableApplicationContext;)V+1
j  org.springframework.boot.SpringApplication.refresh(Lorg/springframework/context/ApplicationContext;)V+11
j  org.springframework.boot.SpringApplication.refreshContext(Lorg/springframework/context/ConfigurableApplicationContext;)V+2
j  org.springframework.boot.SpringApplication.run([Ljava/lang/String;)Lorg/springframework/context/ConfigurableApplicationContext;+118
j  org.springframework.boot.SpringApplication.run([Ljava/lang/Class;[Ljava/lang/String;)Lorg/springframework/context/ConfigurableApplicationContext;+9
j  org.springframework.boot.SpringApplication.run(Ljava/lang/Class;[Ljava/lang/String;)Lorg/springframework/context/ConfigurableApplicationContext;+9
j  com.Application.main([Ljava/lang/String;)V+3
v  ~StubRoutines::call_stub
j  sun.reflect.NativeMethodAccessorImpl.invoke0(Ljava/lang/reflect/Method;Ljava/lang/Object;[Ljava/lang/Object;)Ljava/lang/Object;+0
j  sun.reflect.NativeMethodAccessorImpl.invoke(Ljava/lang/Object;[Ljava/lang/Object;)Ljava/lang/Object;+100
j  sun.reflect.DelegatingMethodAccessorImpl.invoke(Ljava/lang/Object;[Ljava/lang/Object;)Ljava/lang/Object;+6
j  java.lang.reflect.Method.invoke(Ljava/lang/Object;[Ljava/lang/Object;)Ljava/lang/Object;+56
j  org.springframework.boot.devtools.restart.RestartLauncher.run()V+42
v  ~StubRoutines::call_stub

---------------  P R O C E S S  ---------------

Java Threads: ( => current thread )
  0x00000000202f0800 JavaThread "mysql-cj-abandoned-connection-cleanup" daemon [_thread_blocked, id=31872, stack(0x0000000021a00000,0x0000000021b00000)]
  0x00000000202f4000 JavaThread "lettuce-eventExecutorLoop-1-1" daemon [_thread_blocked, id=3552, stack(0x0000000021900000,0x0000000021a00000)]
  0x0000000020570000 JavaThread "container-0" [_thread_blocked, id=26540, stack(0x0000000021400000,0x0000000021500000)]
  0x00000000202e6800 JavaThread "Catalina-utility-2" [_thread_blocked, id=24604, stack(0x0000000021300000,0x0000000021400000)]
  0x00000000202df000 JavaThread "Catalina-utility-1" [_thread_blocked, id=31212, stack(0x000000001e4b0000,0x000000001e5b0000)]
=>0x000000001d183000 JavaThread "restartedMain" [_thread_in_native, id=5024, stack(0x000000001e1b0000,0x000000001e2b0000)]
  0x0000000019e08000 JavaThread "Thread-0" [_thread_blocked, id=18000, stack(0x000000001e0b0000,0x000000001e1b0000)]
  0x0000000019c65800 JavaThread "Service Thread" daemon [_thread_blocked, id=11204, stack(0x000000001c590000,0x000000001c690000)]
  0x0000000019c5b800 JavaThread "C1 CompilerThread11" daemon [_thread_blocked, id=28572, stack(0x000000001c390000,0x000000001c490000)]
  0x0000000019c5b000 JavaThread "C1 CompilerThread10" daemon [_thread_blocked, id=25272, stack(0x000000001c290000,0x000000001c390000)]
  0x0000000019c5a000 JavaThread "C1 CompilerThread9" daemon [_thread_blocked, id=35756, stack(0x000000001c190000,0x000000001c290000)]
  0x0000000019c58800 JavaThread "C1 CompilerThread8" daemon [_thread_blocked, id=32268, stack(0x000000001c090000,0x000000001c190000)]
  0x0000000019c55800 JavaThread "C2 CompilerThread7" daemon [_thread_blocked, id=13628, stack(0x000000001bf90000,0x000000001c090000)]
  0x0000000019c50800 JavaThread "C2 CompilerThread6" daemon [_thread_blocked, id=23312, stack(0x000000001be90000,0x000000001bf90000)]
  0x0000000019c4f800 JavaThread "C2 CompilerThread5" daemon [_thread_blocked, id=8936, stack(0x000000001bd90000,0x000000001be90000)]
  0x0000000019c4d000 JavaThread "C2 CompilerThread4" daemon [_thread_blocked, id=17468, stack(0x000000001bc90000,0x000000001bd90000)]
  0x0000000019c4c000 JavaThread "C2 CompilerThread3" daemon [_thread_blocked, id=21036, stack(0x000000001bb90000,0x000000001bc90000)]
  0x0000000019c45800 JavaThread "C2 CompilerThread2" daemon [_thread_blocked, id=11540, stack(0x000000001ba90000,0x000000001bb90000)]
  0x0000000019c44800 JavaThread "C2 CompilerThread1" daemon [_thread_blocked, id=14608, stack(0x000000001b990000,0x000000001ba90000)]
  0x0000000019c43000 JavaThread "C2 CompilerThread0" daemon [_thread_blocked, id=35892, stack(0x000000001b890000,0x000000001b990000)]
  0x0000000019c42000 JavaThread "Attach Listener" daemon [_thread_blocked, id=10556, stack(0x000000001b790000,0x000000001b890000)]
  0x0000000019c3f000 JavaThread "Signal Dispatcher" daemon [_thread_blocked, id=24704, stack(0x000000001b690000,0x000000001b790000)]
  0x00000000181ca800 JavaThread "Finalizer" daemon [_thread_blocked, id=8528, stack(0x000000001b490000,0x000000001b590000)]
  0x0000000019c26000 JavaThread "Reference Handler" daemon [_thread_blocked, id=11456, stack(0x000000001b390000,0x000000001b490000)]
  0x0000000002e5a000 JavaThread "main" [_thread_blocked, id=16860, stack(0x0000000002d50000,0x0000000002e50000)]

Other Threads:
  0x00000000181bc000 VMThread [stack: 0x000000001b290000,0x000000001b390000] [id=19104]
  0x0000000019d3e000 WatcherThread [stack: 0x000000001c690000,0x000000001c790000] [id=15784]

VM state:not at safepoint (normal execution)

VM Mutex/Monitor currently owned by a thread: None

heap address: 0x0000000085200000, size: 1966 MB, Compressed Oops mode: 32-bit
Narrow klass base: 0x0000000000000000, Narrow klass shift: 3
Compressed class space size: 1073741824 Address: 0x0000000100000000

Heap:
 PSYoungGen      total 272384K, used 126971K [0x00000000d7100000, 0x00000000e9c00000, 0x0000000100000000)
  eden space 245760K, 51% used [0x00000000d7100000,0x00000000decfef90,0x00000000e6100000)
  from space 26624K, 0% used [0x00000000e6100000,0x00000000e6100000,0x00000000e7b00000)
  to   space 19456K, 0% used [0x00000000e7b00000,0x00000000e7b00000,0x00000000e8e00000)
 ParOldGen       total 103424K, used 41326K [0x0000000085200000, 0x000000008b700000, 0x00000000d7100000)
  object space 103424K, 39% used [0x0000000085200000,0x0000000087a5ba58,0x000000008b700000)
 Metaspace       used 47237K, capacity 49656K, committed 49792K, reserved 1097728K
  class space    used 6026K, capacity 6498K, committed 6528K, reserved 1048576K

Card table byte_map: [0x0000000012310000,0x00000000126f0000] byte_map_base: 0x0000000011ee7000

Marking Bits: (ParMarkBitMap*) 0x0000000058f45ce0
 Begin Bits: [0x0000000013680000, 0x0000000015538000)
 End Bits:   [0x0000000015538000, 0x00000000173f0000)

Polling page: 0x0000000000d40000

CodeCache: size=245760Kb used=11488Kb max_used=11488Kb free=234271Kb
 bounds [0x0000000002f50000, 0x0000000003a90000, 0x0000000011f50000]
 total_blobs=5522 nmethods=5040 adapters=391
 compilation: enabled

Compilation events (10 events):
Event: 8.771 Thread 0x0000000019c5b800 5040   !   1       com.mysql.cj.conf.DefaultPropertySet::getProperty (52 bytes)
Event: 8.771 Thread 0x0000000019c5b800 nmethod 5040 0x0000000003a86050 code [0x0000000003a86200, 0x0000000003a86598]
Event: 8.830 Thread 0x0000000019c58800 5041       1       java.util.PropertyResourceBundle::handleGetObject (23 bytes)
Event: 8.830 Thread 0x0000000019c58800 nmethod 5041 0x0000000003a87510 code [0x0000000003a87680, 0x0000000003a87858]
Event: 8.847 Thread 0x0000000019c5a000 5042       1       java.util.TreeMap::rotateRight (96 bytes)
Event: 8.848 Thread 0x0000000019c5a000 nmethod 5042 0x0000000003a87910 code [0x0000000003a87a60, 0x0000000003a87c90]
Event: 8.848 Thread 0x0000000019c5b000 5043       1       java.util.TreeMap::getEntryUsingComparator (74 bytes)
Event: 8.848 Thread 0x0000000019c5b800 5044       1       sun.nio.cs.AbstractCharsetProvider::put (20 bytes)
Event: 8.848 Thread 0x0000000019c5b800 nmethod 5044 0x0000000003a87d90 code [0x0000000003a87f00, 0x0000000003a88078]
Event: 8.848 Thread 0x0000000019c5b000 nmethod 5043 0x0000000003a88110 code [0x0000000003a88280, 0x0000000003a88448]

GC Heap History (10 events):
Event: 5.707 GC heap before
{Heap before GC invocations=14 (full 1):
 PSYoungGen      total 265216K, used 260184K [0x00000000d7100000, 0x00000000e9c00000, 0x0000000100000000)
  eden space 245760K, 100% used [0x00000000d7100000,0x00000000e6100000,0x00000000e6100000)
  from space 19456K, 74% used [0x00000000e7b00000,0x00000000e8916318,0x00000000e8e00000)
  to   space 26624K, 0% used [0x00000000e6100000,0x00000000e6100000,0x00000000e7b00000)
 ParOldGen       total 73216K, used 25794K [0x0000000085200000, 0x0000000089980000, 0x00000000d7100000)
  object space 73216K, 35% used [0x0000000085200000,0x0000000086b30ae8,0x0000000089980000)
 Metaspace       used 30844K, capacity 32194K, committed 32256K, reserved 1077248K
  class space    used 3737K, capacity 4049K, committed 4096K, reserved 1048576K
Event: 5.718 GC heap after
Heap after GC invocations=14 (full 1):
 PSYoungGen      total 272384K, used 13609K [0x00000000d7100000, 0x00000000e9c00000, 0x0000000100000000)
  eden space 245760K, 0% used [0x00000000d7100000,0x00000000d7100000,0x00000000e6100000)
  from space 26624K, 51% used [0x00000000e6100000,0x00000000e6e4a600,0x00000000e7b00000)
  to   space 19456K, 0% used [0x00000000e7b00000,0x00000000e7b00000,0x00000000e8e00000)
 ParOldGen       total 73216K, used 26956K [0x0000000085200000, 0x0000000089980000, 0x00000000d7100000)
  object space 73216K, 36% used [0x0000000085200000,0x0000000086c531d0,0x0000000089980000)
 Metaspace       used 30844K, capacity 32194K, committed 32256K, reserved 1077248K
  class space    used 3737K, capacity 4049K, committed 4096K, reserved 1048576K
}
Event: 6.484 GC heap before
{Heap before GC invocations=15 (full 1):
 PSYoungGen      total 272384K, used 47472K [0x00000000d7100000, 0x00000000e9c00000, 0x0000000100000000)
  eden space 245760K, 13% used [0x00000000d7100000,0x00000000d9211ce8,0x00000000e6100000)
  from space 26624K, 51% used [0x00000000e6100000,0x00000000e6e4a600,0x00000000e7b00000)
  to   space 19456K, 0% used [0x00000000e7b00000,0x00000000e7b00000,0x00000000e8e00000)
 ParOldGen       total 73216K, used 26956K [0x0000000085200000, 0x0000000089980000, 0x00000000d7100000)
  object space 73216K, 36% used [0x0000000085200000,0x0000000086c531d0,0x0000000089980000)
 Metaspace       used 33513K, capacity 35326K, committed 35496K, reserved 1081344K
  class space    used 4116K, capacity 4481K, committed 4608K, reserved 1048576K
Event: 6.489 GC heap after
Heap after GC invocations=15 (full 1):
 PSYoungGen      total 265216K, used 3640K [0x00000000d7100000, 0x00000000e9c00000, 0x0000000100000000)
  eden space 245760K, 0% used [0x00000000d7100000,0x00000000d7100000,0x00000000e6100000)
  from space 19456K, 18% used [0x00000000e7b00000,0x00000000e7e8e278,0x00000000e8e00000)
  to   space 26624K, 0% used [0x00000000e6100000,0x00000000e6100000,0x00000000e7b00000)
 ParOldGen       total 73216K, used 30616K [0x0000000085200000, 0x0000000089980000, 0x00000000d7100000)
  object space 73216K, 41% used [0x0000000085200000,0x0000000086fe61f0,0x0000000089980000)
 Metaspace       used 33513K, capacity 35326K, committed 35496K, reserved 1081344K
  class space    used 4116K, capacity 4481K, committed 4608K, reserved 1048576K
}
Event: 6.489 GC heap before
{Heap before GC invocations=16 (full 2):
 PSYoungGen      total 265216K, used 3640K [0x00000000d7100000, 0x00000000e9c00000, 0x0000000100000000)
  eden space 245760K, 0% used [0x00000000d7100000,0x00000000d7100000,0x00000000e6100000)
  from space 19456K, 18% used [0x00000000e7b00000,0x00000000e7e8e278,0x00000000e8e00000)
  to   space 26624K, 0% used [0x00000000e6100000,0x00000000e6100000,0x00000000e7b00000)
 ParOldGen       total 73216K, used 30616K [0x0000000085200000, 0x0000000089980000, 0x00000000d7100000)
  object space 73216K, 41% used [0x0000000085200000,0x0000000086fe61f0,0x0000000089980000)
 Metaspace       used 33513K, capacity 35326K, committed 35496K, reserved 1081344K
  class space    used 4116K, capacity 4481K, committed 4608K, reserved 1048576K
Event: 6.606 GC heap after
Heap after GC invocations=16 (full 2):
 PSYoungGen      total 265216K, used 0K [0x00000000d7100000, 0x00000000e9c00000, 0x0000000100000000)
  eden space 245760K, 0% used [0x00000000d7100000,0x00000000d7100000,0x00000000e6100000)
  from space 19456K, 0% used [0x00000000e7b00000,0x00000000e7b00000,0x00000000e8e00000)
  to   space 26624K, 0% used [0x00000000e6100000,0x00000000e6100000,0x00000000e7b00000)
 ParOldGen       total 103424K, used 30598K [0x0000000085200000, 0x000000008b700000, 0x00000000d7100000)
  object space 103424K, 29% used [0x0000000085200000,0x0000000086fe1bf8,0x000000008b700000)
 Metaspace       used 33513K, capacity 35326K, committed 35496K, reserved 1081344K
  class space    used 4116K, capacity 4481K, committed 4608K, reserved 1048576K
}
Event: 7.604 GC heap before
{Heap before GC invocations=17 (full 2):
 PSYoungGen      total 265216K, used 236469K [0x00000000d7100000, 0x00000000e9c00000, 0x0000000100000000)
  eden space 245760K, 96% used [0x00000000d7100000,0x00000000e57ed6a8,0x00000000e6100000)
  from space 19456K, 0% used [0x00000000e7b00000,0x00000000e7b00000,0x00000000e8e00000)
  to   space 26624K, 0% used [0x00000000e6100000,0x00000000e6100000,0x00000000e7b00000)
 ParOldGen       total 103424K, used 30598K [0x0000000085200000, 0x000000008b700000, 0x00000000d7100000)
  object space 103424K, 29% used [0x0000000085200000,0x0000000086fe1bf8,0x000000008b700000)
 Metaspace       used 38693K, capacity 40802K, committed 40832K, reserved 1089536K
  class space    used 4807K, capacity 5227K, committed 5248K, reserved 1048576K
Event: 7.611 GC heap after
Heap after GC invocations=17 (full 2):
 PSYoungGen      total 272384K, used 12959K [0x00000000d7100000, 0x00000000e9c00000, 0x0000000100000000)
  eden space 245760K, 0% used [0x00000000d7100000,0x00000000d7100000,0x00000000e6100000)
  from space 26624K, 48% used [0x00000000e6100000,0x00000000e6da7d48,0x00000000e7b00000)
  to   space 19456K, 0% used [0x00000000e7b00000,0x00000000e7b00000,0x00000000e8e00000)
 ParOldGen       total 103424K, used 30671K [0x0000000085200000, 0x000000008b700000, 0x00000000d7100000)
  object space 103424K, 29% used [0x0000000085200000,0x0000000086ff3c08,0x000000008b700000)
 Metaspace       used 38693K, capacity 40802K, committed 40832K, reserved 1089536K
  class space    used 4807K, capacity 5227K, committed 5248K, reserved 1048576K
}
Event: 7.611 GC heap before
{Heap before GC invocations=18 (full 3):
 PSYoungGen      total 272384K, used 12959K [0x00000000d7100000, 0x00000000e9c00000, 0x0000000100000000)
  eden space 245760K, 0% used [0x00000000d7100000,0x00000000d7100000,0x00000000e6100000)
  from space 26624K, 48% used [0x00000000e6100000,0x00000000e6da7d48,0x00000000e7b00000)
  to   space 19456K, 0% used [0x00000000e7b00000,0x00000000e7b00000,0x00000000e8e00000)
 ParOldGen       total 103424K, used 30671K [0x0000000085200000, 0x000000008b700000, 0x00000000d7100000)
  object space 103424K, 29% used [0x0000000085200000,0x0000000086ff3c08,0x000000008b700000)
 Metaspace       used 38693K, capacity 40802K, committed 40832K, reserved 1089536K
  class space    used 4807K, capacity 5227K, committed 5248K, reserved 1048576K
Event: 7.807 GC heap after
Heap after GC invocations=18 (full 3):
 PSYoungGen      total 272384K, used 0K [0x00000000d7100000, 0x00000000e9c00000, 0x0000000100000000)
  eden space 245760K, 0% used [0x00000000d7100000,0x00000000d7100000,0x00000000e6100000)
  from space 26624K, 0% used [0x00000000e6100000,0x00000000e6100000,0x00000000e7b00000)
  to   space 19456K, 0% used [0x00000000e7b00000,0x00000000e7b00000,0x00000000e8e00000)
 ParOldGen       total 103424K, used 41326K [0x0000000085200000, 0x000000008b700000, 0x00000000d7100000)
  object space 103424K, 39% used [0x0000000085200000,0x0000000087a5ba58,0x000000008b700000)
 Metaspace       used 38693K, capacity 40802K, committed 40832K, reserved 1087488K
  class space    used 4807K, capacity 5227K, committed 5248K, reserved 1048576K
}

Deoptimization events (0 events):
No events

Classes redefined (0 events):
No events

Internal exceptions (10 events):
Event: 7.963 Thread 0x000000001d183000 Exception <a 'java/security/PrivilegedActionException'> (0x00000000d96d7d90) thrown at [C:\re\workspace\8-2-build-windows-amd64-cygwin\jdk8u202\12323\hotspot\src\share\vm\prims\jvm.cpp, line 1502]
Event: 7.963 Thread 0x000000001d183000 Exception <a 'java/security/PrivilegedActionException'> (0x00000000d96d8370) thrown at [C:\re\workspace\8-2-build-windows-amd64-cygwin\jdk8u202\12323\hotspot\src\share\vm\prims\jvm.cpp, line 1502]
Event: 7.966 Thread 0x000000001d183000 Exception <a 'java/security/PrivilegedActionException'> (0x00000000d9715410) thrown at [C:\re\workspace\8-2-build-windows-amd64-cygwin\jdk8u202\12323\hotspot\src\share\vm\prims\jvm.cpp, line 1502]
Event: 7.966 Thread 0x000000001d183000 Exception <a 'java/security/PrivilegedActionException'> (0x00000000d97159f0) thrown at [C:\re\workspace\8-2-build-windows-amd64-cygwin\jdk8u202\12323\hotspot\src\share\vm\prims\jvm.cpp, line 1502]
Event: 7.982 Thread 0x000000001d183000 Exception <a 'java/lang/NoSuchMethodError': java.lang.Object.lambda$static$0(Ljava/lang/Object;)Ljava/lang/Object;> (0x00000000d97d8510) thrown at [C:\re\workspace\8-2-build-windows-amd64-cygwin\jdk8u202\12323\hotspot\src\share\vm\interpreter\linkResolver
Event: 8.012 Thread 0x000000001d183000 Exception <a 'java/lang/ArrayIndexOutOfBoundsException'> (0x00000000d9bc8af8) thrown at [C:\re\workspace\8-2-build-windows-amd64-cygwin\jdk8u202\12323\hotspot\src\share\vm\runtime\sharedRuntime.cpp, line 605]
Event: 8.022 Thread 0x000000001d183000 Exception <a 'java/lang/ArrayIndexOutOfBoundsException'> (0x00000000d9d9dcb8) thrown at [C:\re\workspace\8-2-build-windows-amd64-cygwin\jdk8u202\12323\hotspot\src\share\vm\runtime\sharedRuntime.cpp, line 605]
Event: 8.025 Thread 0x000000001d183000 Exception <a 'java/lang/ArrayIndexOutOfBoundsException'> (0x00000000d9dec6f8) thrown at [C:\re\workspace\8-2-build-windows-amd64-cygwin\jdk8u202\12323\hotspot\src\share\vm\runtime\sharedRuntime.cpp, line 605]
Event: 8.026 Thread 0x000000001d183000 Exception <a 'java/lang/ArrayIndexOutOfBoundsException'> (0x00000000d9e16258) thrown at [C:\re\workspace\8-2-build-windows-amd64-cygwin\jdk8u202\12323\hotspot\src\share\vm\runtime\sharedRuntime.cpp, line 605]
Event: 8.038 Thread 0x000000001d183000 Exception <a 'java/lang/ArrayIndexOutOfBoundsException'> (0x00000000d9f1fb00) thrown at [C:\re\workspace\8-2-build-windows-amd64-cygwin\jdk8u202\12323\hotspot\src\share\vm\runtime\sharedRuntime.cpp, line 605]

Events (10 events):
Event: 8.854 loading class sun/nio/cs/ext/IBM943 done
Event: 8.854 loading class sun/nio/cs/ext/MS932
Event: 8.855 loading class sun/nio/cs/ext/MS932 done
Event: 8.856 loading class sun/nio/cs/ext/EUC_CN
Event: 8.856 loading class sun/nio/cs/ext/EUC_CN done
Event: 8.857 loading class sun/nio/cs/ext/EUC_JP
Event: 8.857 loading class sun/nio/cs/ext/EUC_JP done
Event: 8.857 loading class sun/nio/cs/ext/EUC_JP_Open
Event: 8.858 loading class sun/nio/cs/ext/EUC_JP_Open done
Event: 8.858 loading class sun/nio/cs/ext/GB18030


Dynamic libraries:
0x00007ff6e7cd0000 - 0x00007ff6e7d07000 	C:\Program Files\Java\jdk1.8.0_202\jre\bin\java.exe
0x00007ffed3f50000 - 0x00007ffed4166000 	C:\windows\SYSTEM32\ntdll.dll
0x00007ffed2f80000 - 0x00007ffed3044000 	C:\windows\System32\KERNEL32.DLL
0x00007ffed1590000 - 0x00007ffed1936000 	C:\windows\System32\KERNELBASE.dll
0x00007ffed3b60000 - 0x00007ffed3c12000 	C:\windows\System32\ADVAPI32.dll
0x00007ffed1cd0000 - 0x00007ffed1d77000 	C:\windows\System32\msvcrt.dll
0x00007ffed3ab0000 - 0x00007ffed3b58000 	C:\windows\System32\sechost.dll
0x00007ffed1300000 - 0x00007ffed1328000 	C:\windows\System32\bcrypt.dll
0x00007ffed38b0000 - 0x00007ffed39c5000 	C:\windows\System32\RPCRT4.dll
0x00007ffed3d60000 - 0x00007ffed3f0d000 	C:\windows\System32\USER32.dll
0x00007ffed13f0000 - 0x00007ffed1416000 	C:\windows\System32\win32u.dll
0x00007ffed39d0000 - 0x00007ffed39f9000 	C:\windows\System32\GDI32.dll
0x00007ffed1b00000 - 0x00007ffed1c18000 	C:\windows\System32\gdi32full.dll
0x00007ffed1a60000 - 0x00007ffed1afa000 	C:\windows\System32\msvcp_win.dll
0x00007ffed1940000 - 0x00007ffed1a51000 	C:\windows\System32\ucrtbase.dll
0x00007ffea9880000 - 0x00007ffea9b13000 	C:\windows\WinSxS\amd64_microsoft.windows.common-controls_6595b64144ccf1df_6.0.22621.3235_none_270f74e173860f98\COMCTL32.dll
0x00007ffed2b30000 - 0x00007ffed2b61000 	C:\windows\System32\IMM32.DLL
0x000000005f5e0000 - 0x000000005f6b2000 	C:\Program Files\Java\jdk1.8.0_202\jre\bin\msvcr100.dll
0x0000000058720000 - 0x0000000058fc5000 	C:\Program Files\Java\jdk1.8.0_202\jre\bin\server\jvm.dll
0x00007ffec5b70000 - 0x00007ffec5ba4000 	C:\windows\SYSTEM32\WINMM.dll
0x00007ffec2820000 - 0x00007ffec282a000 	C:\windows\SYSTEM32\VERSION.dll
0x00007ffed3390000 - 0x00007ffed3398000 	C:\windows\System32\PSAPI.DLL
0x00007ffeac330000 - 0x00007ffeac339000 	C:\windows\SYSTEM32\WSOCK32.dll
0x00007ffed3050000 - 0x00007ffed30c1000 	C:\windows\System32\ws2_32.DLL
0x00007ffecc010000 - 0x00007ffecc01f000 	C:\Program Files\Java\jdk1.8.0_202\jre\bin\verify.dll
0x00007ffeafd70000 - 0x00007ffeafd99000 	C:\Program Files\Java\jdk1.8.0_202\jre\bin\java.dll
0x00007ffeafb10000 - 0x00007ffeafb26000 	C:\Program Files\Java\jdk1.8.0_202\jre\bin\zip.dll
0x00007ffed1f30000 - 0x00007ffed278d000 	C:\windows\System32\SHELL32.dll
0x00007ffecf1a0000 - 0x00007ffecfa98000 	C:\windows\SYSTEM32\windows.storage.dll
0x00007ffed2790000 - 0x00007ffed2b18000 	C:\windows\System32\combase.dll
0x00007ffecf060000 - 0x00007ffecf19e000 	C:\windows\SYSTEM32\wintypes.dll
0x00007ffed3290000 - 0x00007ffed3383000 	C:\windows\System32\SHCORE.dll
0x00007ffed2f20000 - 0x00007ffed2f7e000 	C:\windows\System32\shlwapi.dll
0x00007ffed11c0000 - 0x00007ffed11e6000 	C:\windows\SYSTEM32\profapi.dll
0x00007ffec2720000 - 0x00007ffec272d000 	C:\Program Files\Java\jdk1.8.0_202\jre\bin\management.dll
0x00007ffeae2a0000 - 0x00007ffeae2ba000 	C:\Program Files\Java\jdk1.8.0_202\jre\bin\net.dll
0x00007ffeac950000 - 0x00007ffeacb40000 	C:\windows\SYSTEM32\urlmon.dll
0x00007ffeac3b0000 - 0x00007ffeac3d8000 	C:\windows\SYSTEM32\srvcli.dll
0x00007ffecfcc0000 - 0x00007ffecfccc000 	C:\windows\SYSTEM32\netutils.dll
0x00007ffeac3e0000 - 0x00007ffeac69c000 	C:\windows\SYSTEM32\iertutil.dll
0x00007ffed0750000 - 0x00007ffed07b9000 	C:\windows\system32\mswsock.dll
0x00007ffea0d60000 - 0x00007ffea0d77000 	C:\windows\system32\napinsp.dll
0x00007ffea0d20000 - 0x00007ffea0d3b000 	C:\windows\system32\pnrpnsp.dll
0x00007ffecfdc0000 - 0x00007ffecfeb9000 	C:\windows\SYSTEM32\DNSAPI.dll
0x00007ffecfd40000 - 0x00007ffecfd6d000 	C:\windows\SYSTEM32\IPHLPAPI.DLL
0x00007ffed3aa0000 - 0x00007ffed3aa9000 	C:\windows\System32\NSI.dll
0x00007ffea0d00000 - 0x00007ffea0d11000 	C:\windows\System32\winrnr.dll
0x00007ffec6430000 - 0x00007ffec6445000 	C:\windows\system32\wshbth.dll
0x00007ffea0c90000 - 0x00007ffea0cb1000 	C:\windows\system32\nlansp_c.dll
0x000000005f850000 - 0x000000005f885000 	C:\Program Files\Bonjour\mdnsNSP.dll
0x00007ffeca3e0000 - 0x00007ffeca3ea000 	C:\Windows\System32\rasadhlp.dll
0x00007ffec59c0000 - 0x00007ffec5a43000 	C:\windows\System32\fwpuclnt.dll
0x00007ffeabde0000 - 0x00007ffeabdf2000 	C:\Program Files\Java\jdk1.8.0_202\jre\bin\nio.dll
0x00007ffed09b0000 - 0x00007ffed09cb000 	C:\windows\SYSTEM32\CRYPTSP.dll
0x00007ffed0200000 - 0x00007ffed0235000 	C:\windows\system32\rsaenh.dll
0x00007ffed0840000 - 0x00007ffed086c000 	C:\windows\SYSTEM32\USERENV.dll
0x00007ffed1c20000 - 0x00007ffed1c9a000 	C:\windows\System32\bcryptprimitives.dll
0x00007ffed09a0000 - 0x00007ffed09ac000 	C:\windows\SYSTEM32\CRYPTBASE.dll
0x00007ffeca9a0000 - 0x00007ffeca9b9000 	C:\windows\SYSTEM32\dhcpcsvc6.DLL
0x00007ffeca6b0000 - 0x00007ffeca6cf000 	C:\windows\SYSTEM32\dhcpcsvc.DLL

VM Arguments:
jvm_args: -Xverify:none -XX:TieredStopAtLevel=1 
java_command: com.Application
java_class_path (initial): C:\Users\sandip\git\bzcomposer_web\target\classes;C:\Users\sandip\.m2\repository\org\springframework\boot\spring-boot-starter-web\2.3.3.RELEASE\spring-boot-starter-web-2.3.3.RELEASE.jar;C:\Users\sandip\.m2\repository\org\springframework\boot\spring-boot-starter\2.3.3.RELEASE\spring-boot-starter-2.3.3.RELEASE.jar;C:\Users\sandip\.m2\repository\org\springframework\boot\spring-boot-starter-logging\2.3.3.RELEASE\spring-boot-starter-logging-2.3.3.RELEASE.jar;C:\Users\sandip\.m2\repository\ch\qos\logback\logback-classic\1.2.3\logback-classic-1.2.3.jar;C:\Users\sandip\.m2\repository\ch\qos\logback\logback-core\1.2.3\logback-core-1.2.3.jar;C:\Users\sandip\.m2\repository\org\apache\logging\log4j\log4j-to-slf4j\2.13.3\log4j-to-slf4j-2.13.3.jar;C:\Users\sandip\.m2\repository\org\slf4j\jul-to-slf4j\1.7.30\jul-to-slf4j-1.7.30.jar;C:\Users\sandip\.m2\repository\org\yaml\snakeyaml\1.26\snakeyaml-1.26.jar;C:\Users\sandip\.m2\repository\org\springframework\boot\spring-boot-starter-json\2.3.3.RELEASE\spring-boot-starter-json-2.3.3.RELEASE.jar;C:\Users\sandip\.m2\repository\com\fasterxml\jackson\datatype\jackson-datatype-jdk8\2.11.2\jackson-datatype-jdk8-2.11.2.jar;C:\Users\sandip\.m2\repository\com\fasterxml\jackson\datatype\jackson-datatype-jsr310\2.11.2\jackson-datatype-jsr310-2.11.2.jar;C:\Users\sandip\.m2\repository\com\fasterxml\jackson\module\jackson-module-parameter-names\2.11.2\jackson-module-parameter-names-2.11.2.jar;C:\Users\sandip\.m2\repository\org\springframework\spring-web\5.2.8.RELEASE\spring-web-5.2.8.RELEASE.jar;C:\Users\sandip\.m2\repository\org\springframework\spring-beans\5.2.8.RELEASE\spring-beans-5.2.8.RELEASE.jar;C:\Users\sandip\.m2\repository\org\springframework\spring-webmvc\5.2.8.RELEASE\spring-webmvc-5.2.8.RELEASE.jar;C:\Users\sandip\.m2\repository\org\springframework\spring-aop\5.2.8.RELEASE\spring-aop-5.2.8.RELEASE.jar;C:\Users\sandip\.m2\repository\org\springframework\spring-context\5.2.8.RELEASE\spring-context-5.2.8.RELEASE
Launcher Type: SUN_STANDARD

Environment Variables:
JAVA_HOME=C:\Program Files\Java\jdk1.8.0_202
PATH=D:/JAVA/eclipse-jee-2023-06-R-win32-x86_64/eclipse//plugins/org.eclipse.justj.openjdk.hotspot.jre.full.win32.x86_64_17.0.10.v20240120-1143/jre/bin/server;D:/JAVA/eclipse-jee-2023-06-R-win32-x86_64/eclipse//plugins/org.eclipse.justj.openjdk.hotspot.jre.full.win32.x86_64_17.0.10.v20240120-1143/jre/bin;C:\Program Files\Common Files\Oracle\Java\javapath;C:\Program Files (x86)\Common Files\Oracle\Java\javapath;C:\windows\system32;C:\windows;C:\windows\System32\Wbem;C:\windows\System32\WindowsPowerShell\v1.0\;C:\windows\System32\OpenSSH\;C:\Program Files\MySQL\MySQL Server 8.0\bin;C:\Program Files (x86)\Inno Setup 6;C:\Program Files\Java\jdk-17\bin;C:\Program Files (x86)\Windows Kits\10\Windows Performance Toolkit\;C:\Program Files\Git\cmd;C:\tools\apache-maven-3.9.6-bin\apache-maven-3.9.6\bin;C:\Program Files\Redis\;C:\Program Files\MySQL\MySQL Shell 8.0\bin\;C:\Users\sandip\AppData\Local\Microsoft\WindowsApps;C:\Program Files (x86)\Inno Setup 6;C:\Program Files\Java\jdk-17\bin;C:\Users\sandip\AppData\Local\GitHubDesktop\bin;C:\tools\apache-maven-3.9.6-bin\apache-maven-3.9.6\bin;;D:\JAVA\eclipse-jee-2023-06-R-win32-x86_64\eclipse;
USERNAME=sandip
OS=Windows_NT
PROCESSOR_IDENTIFIER=Intel64 Family 6 Model 154 Stepping 3, GenuineIntel



---------------  S Y S T E M  ---------------

OS: Windows 10.0 , 64 bit Build 22621 (10.0.22621.3235)

CPU:total 16 (initial active 16) (8 cores per cpu, 2 threads per core) family 6 model 154 stepping 3, cmov, cx8, fxsr, mmx, sse, sse2, sse3, ssse3, sse4.1, sse4.2, popcnt, avx, avx2, aes, clmul, erms, 3dnowpref, lzcnt, ht, tsc, tscinvbit, bmi1, bmi2, adx

Memory: 4k page, physical 8048836k(86904k free), swap 25968832k(492k free)

vm_info: Java HotSpot(TM) 64-Bit Server VM (25.202-b08) for windows-amd64 JRE (1.8.0_202-b08), built on Dec 15 2018 19:54:30 by "java_re" with MS VC++ 10.0 (VS2010)

time: Sat Mar 30 12:38:59 2024
timezone: India Standard Time
elapsed time: 8 seconds (0d 0h 0m 8s)

