#
# There is insufficient memory for the Java Runtime Environment to continue.
# Native memory allocation (malloc) failed to allocate 32744 bytes for ChunkPool::allocate
# Possible reasons:
#   The system is out of physical RAM or swap space
#   The process is running with CompressedOops enabled, and the Java Heap may be blocking the growth of the native heap
# Possible solutions:
#   Reduce memory load on the system
#   Increase physical memory or swap space
#   Check if swap backing store is full
#   Decrease Java heap size (-Xmx/-Xms)
#   Decrease number of Java threads
#   Decrease Java thread stack sizes (-Xss)
#   Set larger code cache with -XX:ReservedCodeCacheSize=
#   JVM is running with Unscaled Compressed Oops mode in which the Java heap is
#     placed in the first 4GB address space. The Java Heap base address is the
#     maximum limit for the native heap growth. Please use -XX:HeapBaseMinAddress
#     to set the Java Heap base and to place the Java Heap above 4GB virtual address.
# This output file may be truncated or incomplete.
#
#  Out of Memory Error (allocation.cpp:272), pid=26388, tid=0x0000000000000740
#
# JRE version: Java(TM) SE Runtime Environment (8.0_202-b08) (build 1.8.0_202-b08)
# Java VM: Java HotSpot(TM) 64-Bit Server VM (25.202-b08 mixed mode windows-amd64 compressed oops)
# Failed to write core dump. Minidumps are not enabled by default on client versions of Windows
#

---------------  T H R E A D  ---------------

Current thread (0x0000000019a5c000):  JavaThread "C1 CompilerThread10" daemon [_thread_in_native, id=1856, stack(0x000000001c040000,0x000000001c140000)]

Stack: [0x000000001c040000,0x000000001c140000]
[error occurred during error reporting (printing stack bounds), id 0xc0000005]

Native frames: (J=compiled Java code, j=interpreted, Vv=VM code, C=native code)


Current CompileTask:
C1:   9120 5673       1       org.hibernate.cfg.AnnotationBinder::processElementAnnotations (4602 bytes)


---------------  P R O C E S S  ---------------

Java Threads: ( => current thread )
  0x0000000020459800 JavaThread "HikariPool-1 connection adder" daemon [_thread_blocked, id=23000, stack(0x0000000023120000,0x0000000023220000)]
  0x0000000020457000 JavaThread "HikariPool-1 housekeeper" daemon [_thread_blocked, id=10896, stack(0x0000000022e20000,0x0000000022f20000)]
  0x0000000020458800 JavaThread "mysql-cj-abandoned-connection-cleanup" daemon [_thread_blocked, id=7368, stack(0x0000000021650000,0x0000000021750000)]
  0x00000000200a5000 JavaThread "lettuce-eventExecutorLoop-1-1" daemon [_thread_blocked, id=36380, stack(0x0000000021350000,0x0000000021450000)]
  0x00000000200ba800 JavaThread "container-0" [_thread_blocked, id=32696, stack(0x0000000021250000,0x0000000021350000)]
  0x00000000200ab000 JavaThread "Catalina-utility-2" [_thread_blocked, id=36660, stack(0x0000000021150000,0x0000000021250000)]
  0x0000000020005800 JavaThread "Catalina-utility-1" [_thread_blocked, id=30760, stack(0x000000001e680000,0x000000001e780000)]
  0x0000000019c0d000 JavaThread "restartedMain" [_thread_in_Java, id=14728, stack(0x000000001df60000,0x000000001e060000)]
  0x0000000019c15800 JavaThread "Thread-0" [_thread_blocked, id=16484, stack(0x000000001de60000,0x000000001df60000)]
  0x0000000019abd000 JavaThread "Service Thread" daemon [_thread_blocked, id=5140, stack(0x000000001c340000,0x000000001c440000)]
  0x0000000019a5d000 JavaThread "C1 CompilerThread11" daemon [_thread_blocked, id=10516, stack(0x000000001c140000,0x000000001c240000)]
=>0x0000000019a5c000 JavaThread "C1 CompilerThread10" daemon [_thread_in_native, id=1856, stack(0x000000001c040000,0x000000001c140000)]
  0x0000000019a3b800 JavaThread "C1 CompilerThread9" daemon [_thread_blocked, id=23504, stack(0x000000001bf40000,0x000000001c040000)]
  0x0000000019a2a800 JavaThread "C1 CompilerThread8" daemon [_thread_in_native, id=28480, stack(0x000000001be40000,0x000000001bf40000)]
  0x0000000019a1f000 JavaThread "C2 CompilerThread7" daemon [_thread_blocked, id=12548, stack(0x000000001bd40000,0x000000001be40000)]
  0x0000000019a15800 JavaThread "C2 CompilerThread6" daemon [_thread_blocked, id=3540, stack(0x000000001bc40000,0x000000001bd40000)]
  0x0000000019a15000 JavaThread "C2 CompilerThread5" daemon [_thread_blocked, id=29512, stack(0x000000001bb40000,0x000000001bc40000)]
  0x00000000199f6000 JavaThread "C2 CompilerThread4" daemon [_thread_blocked, id=31132, stack(0x000000001ba40000,0x000000001bb40000)]
  0x00000000199dd800 JavaThread "C2 CompilerThread3" daemon [_thread_blocked, id=24968, stack(0x000000001b940000,0x000000001ba40000)]
  0x00000000199d7000 JavaThread "C2 CompilerThread2" daemon [_thread_blocked, id=31216, stack(0x000000001b840000,0x000000001b940000)]
  0x00000000199d6800 JavaThread "C2 CompilerThread1" daemon [_thread_blocked, id=31236, stack(0x000000001b740000,0x000000001b840000)]
  0x00000000199d5000 JavaThread "C2 CompilerThread0" daemon [_thread_blocked, id=10056, stack(0x000000001b640000,0x000000001b740000)]
  0x00000000199d3800 JavaThread "Attach Listener" daemon [_thread_blocked, id=27320, stack(0x000000001b540000,0x000000001b640000)]
  0x00000000199d1000 JavaThread "Signal Dispatcher" daemon [_thread_blocked, id=11980, stack(0x000000001b440000,0x000000001b540000)]
  0x0000000017f6c800 JavaThread "Finalizer" daemon [_thread_blocked, id=37868, stack(0x000000001b240000,0x000000001b340000)]
  0x00000000199b6000 JavaThread "Reference Handler" daemon [_thread_blocked, id=22936, stack(0x000000001b140000,0x000000001b240000)]
  0x0000000002bfa000 JavaThread "main" [_thread_blocked, id=24204, stack(0x0000000002af0000,0x0000000002bf0000)]

Other Threads:
  0x0000000017f5b800 VMThread [stack: 0x000000001b040000,0x000000001b140000] [id=26588]
  0x0000000019a89000 WatcherThread [stack: 0x000000001c440000,0x000000001c540000] [id=4864]

VM state:not at safepoint (normal execution)

VM Mutex/Monitor currently owned by a thread: None

heap address: 0x0000000085200000, size: 1966 MB, Compressed Oops mode: 32-bit
Narrow klass base: 0x0000000000000000, Narrow klass shift: 3
Compressed class space size: 1073741824 Address: 0x0000000100000000

Heap:
 PSYoungGen      total 389120K, used 97705K [0x00000000d7100000, 0x00000000f1100000, 0x0000000100000000)
  eden space 360448K, 20% used [0x00000000d7100000,0x00000000db8b7028,0x00000000ed100000)
  from space 28672K, 84% used [0x00000000ef500000,0x00000000f0cb3450,0x00000000f1100000)
  to   space 32768K, 0% used [0x00000000ed100000,0x00000000ed100000,0x00000000ef100000)
 ParOldGen       total 71680K, used 40139K [0x0000000085200000, 0x0000000089800000, 0x00000000d7100000)
  object space 71680K, 55% used [0x0000000085200000,0x0000000087932d98,0x0000000089800000)
 Metaspace       used 51554K, capacity 54182K, committed 54272K, reserved 1095680K
  class space    used 6557K, capacity 7113K, committed 7168K, reserved 1048576K

Card table byte_map: [0x00000000120b0000,0x0000000012490000] byte_map_base: 0x0000000011c87000

Marking Bits: (ParMarkBitMap*) 0x0000000058f45ce0
 Begin Bits: [0x0000000013420000, 0x00000000152d8000)
 End Bits:   [0x00000000152d8000, 0x0000000017190000)

Polling page: 0x0000000000fd0000

CodeCache: size=245760Kb used=12529Kb max_used=12529Kb free=233231Kb
 bounds [0x0000000002cf0000, 0x0000000003930000, 0x0000000011cf0000]
 total_blobs=6180 nmethods=5645 adapters=444
 compilation: enabled

Compilation events (10 events):
Event: 9.114 Thread 0x0000000019a3b800 nmethod 5684 0x0000000003922f90 code [0x0000000003923100, 0x0000000003923288]
Event: 9.114 Thread 0x0000000019a3b800 5685       1       org.hibernate.mapping.Property::setValue (6 bytes)
Event: 9.114 Thread 0x0000000019a3b800 nmethod 5685 0x0000000003923350 code [0x00000000039234a0, 0x00000000039235d0]
Event: 9.114 Thread 0x0000000019a3b800 5686       1       org.hibernate.mapping.Property::setLazy (6 bytes)
Event: 9.114 Thread 0x0000000019a3b800 nmethod 5686 0x0000000003923650 code [0x00000000039237a0, 0x00000000039238b0]
Event: 9.114 Thread 0x0000000019a5d000 nmethod 5677 0x0000000003923910 code [0x0000000003923ca0, 0x0000000003924c08]
Event: 9.115 Thread 0x0000000019a2a800 nmethod 5681 0x0000000003925790 code [0x0000000003925aa0, 0x0000000003926998]
Event: 9.117 Thread 0x0000000019a3b800 5687       1       org.hibernate.cfg.annotations.PropertyBinder::setColumns (26 bytes)
Event: 9.117 Thread 0x0000000019a5d000 5688       1       org.hibernate.cfg.Ejb3Column::checkPropertyConsistency (224 bytes)
Event: 9.117 Thread 0x0000000019a2a800 5689       1       org.hibernate.mapping.SimpleValue::<init> (59 bytes)

GC Heap History (10 events):
Event: 4.584 GC heap before
{Heap before GC invocations=12 (full 1):
 PSYoungGen      total 265216K, used 245760K [0x00000000d7100000, 0x00000000e9c00000, 0x0000000100000000)
  eden space 245760K, 100% used [0x00000000d7100000,0x00000000e6100000,0x00000000e6100000)
  from space 19456K, 0% used [0x00000000e7b00000,0x00000000e7b00000,0x00000000e8e00000)
  to   space 26624K, 0% used [0x00000000e6100000,0x00000000e6100000,0x00000000e7b00000)
 ParOldGen       total 71680K, used 18785K [0x0000000085200000, 0x0000000089800000, 0x00000000d7100000)
  object space 71680K, 26% used [0x0000000085200000,0x0000000086458760,0x0000000089800000)
 Metaspace       used 28142K, capacity 29262K, committed 29440K, reserved 1075200K
  class space    used 3324K, capacity 3567K, committed 3584K, reserved 1048576K
Event: 4.589 GC heap after
Heap after GC invocations=12 (full 1):
 PSYoungGen      total 272384K, used 12137K [0x00000000d7100000, 0x00000000f1680000, 0x0000000100000000)
  eden space 245760K, 0% used [0x00000000d7100000,0x00000000d7100000,0x00000000e6100000)
  from space 26624K, 45% used [0x00000000e6100000,0x00000000e6cda5d0,0x00000000e7b00000)
  to   space 34304K, 0% used [0x00000000ef500000,0x00000000ef500000,0x00000000f1680000)
 ParOldGen       total 71680K, used 18793K [0x0000000085200000, 0x0000000089800000, 0x00000000d7100000)
  object space 71680K, 26% used [0x0000000085200000,0x000000008645a760,0x0000000089800000)
 Metaspace       used 28142K, capacity 29262K, committed 29440K, reserved 1075200K
  class space    used 3324K, capacity 3567K, committed 3584K, reserved 1048576K
}
Event: 5.135 GC heap before
{Heap before GC invocations=13 (full 1):
 PSYoungGen      total 272384K, used 257897K [0x00000000d7100000, 0x00000000f1680000, 0x0000000100000000)
  eden space 245760K, 100% used [0x00000000d7100000,0x00000000e6100000,0x00000000e6100000)
  from space 26624K, 45% used [0x00000000e6100000,0x00000000e6cda5d0,0x00000000e7b00000)
  to   space 34304K, 0% used [0x00000000ef500000,0x00000000ef500000,0x00000000f1680000)
 ParOldGen       total 71680K, used 18793K [0x0000000085200000, 0x0000000089800000, 0x00000000d7100000)
  object space 71680K, 26% used [0x0000000085200000,0x000000008645a760,0x0000000089800000)
 Metaspace       used 28731K, capacity 29854K, committed 30080K, reserved 1075200K
  class space    used 3425K, capacity 3673K, committed 3712K, reserved 1048576K
Event: 5.148 GC heap after
Heap after GC invocations=13 (full 1):
 PSYoungGen      total 389120K, used 14505K [0x00000000d7100000, 0x00000000f1100000, 0x0000000100000000)
  eden space 360448K, 0% used [0x00000000d7100000,0x00000000d7100000,0x00000000ed100000)
  from space 28672K, 50% used [0x00000000ef500000,0x00000000f032a750,0x00000000f1100000)
  to   space 32768K, 0% used [0x00000000ed100000,0x00000000ed100000,0x00000000ef100000)
 ParOldGen       total 71680K, used 25798K [0x0000000085200000, 0x0000000089800000, 0x00000000d7100000)
  object space 71680K, 35% used [0x0000000085200000,0x0000000086b31928,0x0000000089800000)
 Metaspace       used 28731K, capacity 29854K, committed 30080K, reserved 1075200K
  class space    used 3425K, capacity 3673K, committed 3712K, reserved 1048576K
}
Event: 6.309 GC heap before
{Heap before GC invocations=14 (full 1):
 PSYoungGen      total 389120K, used 292864K [0x00000000d7100000, 0x00000000f1100000, 0x0000000100000000)
  eden space 360448K, 77% used [0x00000000d7100000,0x00000000e80d5ad8,0x00000000ed100000)
  from space 28672K, 50% used [0x00000000ef500000,0x00000000f032a750,0x00000000f1100000)
  to   space 32768K, 0% used [0x00000000ed100000,0x00000000ed100000,0x00000000ef100000)
 ParOldGen       total 71680K, used 25798K [0x0000000085200000, 0x0000000089800000, 0x00000000d7100000)
  object space 71680K, 35% used [0x0000000085200000,0x0000000086b31928,0x0000000089800000)
 Metaspace       used 33558K, capacity 35332K, committed 35496K, reserved 1081344K
  class space    used 4124K, capacity 4482K, committed 4608K, reserved 1048576K
Event: 6.326 GC heap after
Heap after GC invocations=14 (full 1):
 PSYoungGen      total 393216K, used 17142K [0x00000000d7100000, 0x00000000f1100000, 0x0000000100000000)
  eden space 360448K, 0% used [0x00000000d7100000,0x00000000d7100000,0x00000000ed100000)
  from space 32768K, 52% used [0x00000000ed100000,0x00000000ee1bda38,0x00000000ef100000)
  to   space 28672K, 0% used [0x00000000ef500000,0x00000000ef500000,0x00000000f1100000)
 ParOldGen       total 71680K, used 26976K [0x0000000085200000, 0x0000000089800000, 0x00000000d7100000)
  object space 71680K, 37% used [0x0000000085200000,0x0000000086c58010,0x0000000089800000)
 Metaspace       used 33558K, capacity 35332K, committed 35496K, reserved 1081344K
  class space    used 4124K, capacity 4482K, committed 4608K, reserved 1048576K
}
Event: 6.326 GC heap before
{Heap before GC invocations=15 (full 2):
 PSYoungGen      total 393216K, used 17142K [0x00000000d7100000, 0x00000000f1100000, 0x0000000100000000)
  eden space 360448K, 0% used [0x00000000d7100000,0x00000000d7100000,0x00000000ed100000)
  from space 32768K, 52% used [0x00000000ed100000,0x00000000ee1bda38,0x00000000ef100000)
  to   space 28672K, 0% used [0x00000000ef500000,0x00000000ef500000,0x00000000f1100000)
 ParOldGen       total 71680K, used 26976K [0x0000000085200000, 0x0000000089800000, 0x00000000d7100000)
  object space 71680K, 37% used [0x0000000085200000,0x0000000086c58010,0x0000000089800000)
 Metaspace       used 33558K, capacity 35332K, committed 35496K, reserved 1081344K
  class space    used 4124K, capacity 4482K, committed 4608K, reserved 1048576K
Event: 6.435 GC heap after
Heap after GC invocations=15 (full 2):
 PSYoungGen      total 393216K, used 0K [0x00000000d7100000, 0x00000000f1100000, 0x0000000100000000)
  eden space 360448K, 0% used [0x00000000d7100000,0x00000000d7100000,0x00000000ed100000)
  from space 32768K, 0% used [0x00000000ed100000,0x00000000ed100000,0x00000000ef100000)
  to   space 28672K, 0% used [0x00000000ef500000,0x00000000ef500000,0x00000000f1100000)
 ParOldGen       total 71680K, used 40059K [0x0000000085200000, 0x0000000089800000, 0x00000000d7100000)
  object space 71680K, 55% used [0x0000000085200000,0x000000008791ed88,0x0000000089800000)
 Metaspace       used 33558K, capacity 35332K, committed 35496K, reserved 1081344K
  class space    used 4124K, capacity 4482K, committed 4608K, reserved 1048576K
}
Event: 8.634 GC heap before
{Heap before GC invocations=16 (full 2):
 PSYoungGen      total 393216K, used 360448K [0x00000000d7100000, 0x00000000f1100000, 0x0000000100000000)
  eden space 360448K, 100% used [0x00000000d7100000,0x00000000ed100000,0x00000000ed100000)
  from space 32768K, 0% used [0x00000000ed100000,0x00000000ed100000,0x00000000ef100000)
  to   space 28672K, 0% used [0x00000000ef500000,0x00000000ef500000,0x00000000f1100000)
 ParOldGen       total 71680K, used 40059K [0x0000000085200000, 0x0000000089800000, 0x00000000d7100000)
  object space 71680K, 55% used [0x0000000085200000,0x000000008791ed88,0x0000000089800000)
 Metaspace       used 47725K, capacity 50178K, committed 50432K, reserved 1093632K
  class space    used 6080K, capacity 6567K, committed 6656K, reserved 1048576K
Event: 8.658 GC heap after
Heap after GC invocations=16 (full 2):
 PSYoungGen      total 389120K, used 24269K [0x00000000d7100000, 0x00000000f1100000, 0x0000000100000000)
  eden space 360448K, 0% used [0x00000000d7100000,0x00000000d7100000,0x00000000ed100000)
  from space 28672K, 84% used [0x00000000ef500000,0x00000000f0cb3450,0x00000000f1100000)
  to   space 32768K, 0% used [0x00000000ed100000,0x00000000ed100000,0x00000000ef100000)
 ParOldGen       total 71680K, used 40139K [0x0000000085200000, 0x0000000089800000, 0x00000000d7100000)
  object space 71680K, 55% used [0x0000000085200000,0x0000000087932d98,0x0000000089800000)
 Metaspace       used 47725K, capacity 50178K, committed 50432K, reserved 1093632K
  class space    used 6080K, capacity 6567K, committed 6656K, reserved 1048576K
}

Deoptimization events (0 events):
No events

Classes redefined (0 events):
No events

Internal exceptions (10 events):
Event: 9.111 Thread 0x0000000019c0d000 Exception <a 'java/lang/ArrayIndexOutOfBoundsException'> (0x00000000db4406a0) thrown at [C:\re\workspace\8-2-build-windows-amd64-cygwin\jdk8u202\12323\hotspot\src\share\vm\runtime\sharedRuntime.cpp, line 605]
Event: 9.111 Thread 0x0000000019c0d000 Exception <a 'java/lang/ArrayIndexOutOfBoundsException'> (0x00000000db441890) thrown at [C:\re\workspace\8-2-build-windows-amd64-cygwin\jdk8u202\12323\hotspot\src\share\vm\runtime\sharedRuntime.cpp, line 605]
Event: 9.114 Thread 0x0000000019c0d000 Exception <a 'java/lang/ArrayIndexOutOfBoundsException'> (0x00000000db484070) thrown at [C:\re\workspace\8-2-build-windows-amd64-cygwin\jdk8u202\12323\hotspot\src\share\vm\runtime\sharedRuntime.cpp, line 605]
Event: 9.114 Thread 0x0000000019c0d000 Exception <a 'java/lang/ArrayIndexOutOfBoundsException'> (0x00000000db4853e8) thrown at [C:\re\workspace\8-2-build-windows-amd64-cygwin\jdk8u202\12323\hotspot\src\share\vm\runtime\sharedRuntime.cpp, line 605]
Event: 9.114 Thread 0x0000000019c0d000 Exception <a 'java/lang/ArrayIndexOutOfBoundsException'> (0x00000000db4869a0) thrown at [C:\re\workspace\8-2-build-windows-amd64-cygwin\jdk8u202\12323\hotspot\src\share\vm\runtime\sharedRuntime.cpp, line 605]
Event: 9.114 Thread 0x0000000019c0d000 Exception <a 'java/lang/ArrayIndexOutOfBoundsException'> (0x00000000db487d40) thrown at [C:\re\workspace\8-2-build-windows-amd64-cygwin\jdk8u202\12323\hotspot\src\share\vm\runtime\sharedRuntime.cpp, line 605]
Event: 9.115 Thread 0x0000000019c0d000 Exception <a 'java/lang/ArrayIndexOutOfBoundsException'> (0x00000000db4980c0) thrown at [C:\re\workspace\8-2-build-windows-amd64-cygwin\jdk8u202\12323\hotspot\src\share\vm\runtime\sharedRuntime.cpp, line 605]
Event: 9.115 Thread 0x0000000019c0d000 Exception <a 'java/lang/ArrayIndexOutOfBoundsException'> (0x00000000db499208) thrown at [C:\re\workspace\8-2-build-windows-amd64-cygwin\jdk8u202\12323\hotspot\src\share\vm\runtime\sharedRuntime.cpp, line 605]
Event: 9.115 Thread 0x0000000019c0d000 Exception <a 'java/lang/ArrayIndexOutOfBoundsException'> (0x00000000db49a210) thrown at [C:\re\workspace\8-2-build-windows-amd64-cygwin\jdk8u202\12323\hotspot\src\share\vm\runtime\sharedRuntime.cpp, line 605]
Event: 9.115 Thread 0x0000000019c0d000 Exception <a 'java/lang/ArrayIndexOutOfBoundsException'> (0x00000000db49b380) thrown at [C:\re\workspace\8-2-build-windows-amd64-cygwin\jdk8u202\12323\hotspot\src\share\vm\runtime\sharedRuntime.cpp, line 605]

Events (10 events):
Event: 9.046 loading class org/hibernate/cfg/CollectionSecondPass
Event: 9.046 loading class org/hibernate/cfg/CollectionSecondPass done
Event: 9.046 loading class org/hibernate/internal/CoreMessageLogger_$logger_en_IN
Event: 9.046 loading class org/hibernate/internal/CoreMessageLogger_$logger_en_IN done
Event: 9.047 loading class org/hibernate/internal/CoreMessageLogger_$logger_en
Event: 9.047 loading class org/hibernate/internal/CoreMessageLogger_$logger_en done
Event: 9.047 loading class org/hibernate/boot/model/source/internal/ImplicitColumnNamingSecondPass
Event: 9.047 loading class org/hibernate/boot/model/source/internal/ImplicitColumnNamingSecondPass done
Event: 9.051 loading class org/hibernate/cfg/Ejb3Column$2
Event: 9.051 loading class org/hibernate/cfg/Ejb3Column$2 done


Dynamic libraries:
0x00007ff6e04c0000 - 0x00007ff6e04f7000 	C:\Program Files\Java\jdk1.8.0_202\jre\bin\java.exe
0x00007ffed3f50000 - 0x00007ffed4166000 	C:\windows\SYSTEM32\ntdll.dll
0x00007ffed2f80000 - 0x00007ffed3044000 	C:\windows\System32\KERNEL32.DLL
0x00007ffed1590000 - 0x00007ffed1936000 	C:\windows\System32\KERNELBASE.dll
0x00007ffed3b60000 - 0x00007ffed3c12000 	C:\windows\System32\ADVAPI32.dll
0x00007ffed1cd0000 - 0x00007ffed1d77000 	C:\windows\System32\msvcrt.dll
0x00007ffed3ab0000 - 0x00007ffed3b58000 	C:\windows\System32\sechost.dll
0x00007ffed1300000 - 0x00007ffed1328000 	C:\windows\System32\bcrypt.dll
0x00007ffed38b0000 - 0x00007ffed39c5000 	C:\windows\System32\RPCRT4.dll
0x00007ffed3d60000 - 0x00007ffed3f0d000 	C:\windows\System32\USER32.dll
0x00007ffed13f0000 - 0x00007ffed1416000 	C:\windows\System32\win32u.dll
0x00007ffed39d0000 - 0x00007ffed39f9000 	C:\windows\System32\GDI32.dll
0x00007ffed1b00000 - 0x00007ffed1c18000 	C:\windows\System32\gdi32full.dll
0x00007ffed1a60000 - 0x00007ffed1afa000 	C:\windows\System32\msvcp_win.dll
0x00007ffed1940000 - 0x00007ffed1a51000 	C:\windows\System32\ucrtbase.dll
0x00007ffea9880000 - 0x00007ffea9b13000 	C:\windows\WinSxS\amd64_microsoft.windows.common-controls_6595b64144ccf1df_6.0.22621.3235_none_270f74e173860f98\COMCTL32.dll
0x00007ffed2b30000 - 0x00007ffed2b61000 	C:\windows\System32\IMM32.DLL
0x000000005f5e0000 - 0x000000005f6b2000 	C:\Program Files\Java\jdk1.8.0_202\jre\bin\msvcr100.dll
0x0000000058720000 - 0x0000000058fc5000 	C:\Program Files\Java\jdk1.8.0_202\jre\bin\server\jvm.dll
0x00007ffec5b70000 - 0x00007ffec5ba4000 	C:\windows\SYSTEM32\WINMM.dll
0x00007ffed3390000 - 0x00007ffed3398000 	C:\windows\System32\PSAPI.DLL
0x00007ffec2820000 - 0x00007ffec282a000 	C:\windows\SYSTEM32\VERSION.dll
0x00007ffeac330000 - 0x00007ffeac339000 	C:\windows\SYSTEM32\WSOCK32.dll
0x00007ffed3050000 - 0x00007ffed30c1000 	C:\windows\System32\WS2_32.dll
0x00007ffecbfc0000 - 0x00007ffecbfcf000 	C:\Program Files\Java\jdk1.8.0_202\jre\bin\verify.dll
0x00007ffeb0810000 - 0x00007ffeb0839000 	C:\Program Files\Java\jdk1.8.0_202\jre\bin\java.dll
0x00007ffecbfa0000 - 0x00007ffecbfb6000 	C:\Program Files\Java\jdk1.8.0_202\jre\bin\zip.dll
0x00007ffed1f30000 - 0x00007ffed278d000 	C:\windows\System32\SHELL32.dll
0x00007ffecf1a0000 - 0x00007ffecfa98000 	C:\windows\SYSTEM32\windows.storage.dll
0x00007ffed2790000 - 0x00007ffed2b18000 	C:\windows\System32\combase.dll
0x00007ffecf060000 - 0x00007ffecf19e000 	C:\windows\SYSTEM32\wintypes.dll
0x00007ffed3290000 - 0x00007ffed3383000 	C:\windows\System32\SHCORE.dll
0x00007ffed2f20000 - 0x00007ffed2f7e000 	C:\windows\System32\shlwapi.dll
0x00007ffed11c0000 - 0x00007ffed11e6000 	C:\windows\SYSTEM32\profapi.dll
0x00007ffec6d50000 - 0x00007ffec6d5d000 	C:\Program Files\Java\jdk1.8.0_202\jre\bin\management.dll
0x00007ffeb8440000 - 0x00007ffeb845a000 	C:\Program Files\Java\jdk1.8.0_202\jre\bin\net.dll
0x00007ffeac950000 - 0x00007ffeacb40000 	C:\windows\SYSTEM32\urlmon.dll
0x00007ffeac3b0000 - 0x00007ffeac3d8000 	C:\windows\SYSTEM32\srvcli.dll
0x00007ffeac3e0000 - 0x00007ffeac69c000 	C:\windows\SYSTEM32\iertutil.dll
0x00007ffecfcc0000 - 0x00007ffecfccc000 	C:\windows\SYSTEM32\netutils.dll
0x00007ffed0750000 - 0x00007ffed07b9000 	C:\windows\system32\mswsock.dll
0x00007ffea0d60000 - 0x00007ffea0d77000 	C:\windows\system32\napinsp.dll
0x00007ffea0d20000 - 0x00007ffea0d3b000 	C:\windows\system32\pnrpnsp.dll
0x00007ffecfdc0000 - 0x00007ffecfeb9000 	C:\windows\SYSTEM32\DNSAPI.dll
0x00007ffecfd40000 - 0x00007ffecfd6d000 	C:\windows\SYSTEM32\IPHLPAPI.DLL
0x00007ffed3aa0000 - 0x00007ffed3aa9000 	C:\windows\System32\NSI.dll
0x00007ffea0d00000 - 0x00007ffea0d11000 	C:\windows\System32\winrnr.dll
0x00007ffec6430000 - 0x00007ffec6445000 	C:\windows\system32\wshbth.dll
0x00007ffea0c90000 - 0x00007ffea0cb1000 	C:\windows\system32\nlansp_c.dll
0x000000005f850000 - 0x000000005f885000 	C:\Program Files\Bonjour\mdnsNSP.dll
0x00007ffeca3e0000 - 0x00007ffeca3ea000 	C:\Windows\System32\rasadhlp.dll
0x00007ffec59c0000 - 0x00007ffec5a43000 	C:\windows\System32\fwpuclnt.dll
0x00007ffeb5230000 - 0x00007ffeb5242000 	C:\Program Files\Java\jdk1.8.0_202\jre\bin\nio.dll
0x00007ffed09b0000 - 0x00007ffed09cb000 	C:\windows\SYSTEM32\CRYPTSP.dll
0x00007ffed0200000 - 0x00007ffed0235000 	C:\windows\system32\rsaenh.dll
0x00007ffed0840000 - 0x00007ffed086c000 	C:\windows\SYSTEM32\USERENV.dll
0x00007ffed1c20000 - 0x00007ffed1c9a000 	C:\windows\System32\bcryptprimitives.dll
0x00007ffed09a0000 - 0x00007ffed09ac000 	C:\windows\SYSTEM32\CRYPTBASE.dll
0x00007ffeca9a0000 - 0x00007ffeca9b9000 	C:\windows\SYSTEM32\dhcpcsvc6.DLL
0x00007ffeca6b0000 - 0x00007ffeca6cf000 	C:\windows\SYSTEM32\dhcpcsvc.DLL
0x00007ffeb06d0000 - 0x00007ffeb06f4000 	C:\Program Files\Java\jdk1.8.0_202\jre\bin\sunec.dll
0x00007ffec6940000 - 0x00007ffec694b000 	C:\Program Files\Java\jdk1.8.0_202\jre\bin\sunmscapi.dll
0x00007ffed1420000 - 0x00007ffed1586000 	C:\windows\System32\CRYPT32.dll

VM Arguments:
jvm_args: -Xverify:none -XX:TieredStopAtLevel=1 
java_command: com.Application
java_class_path (initial): C:\Users\sandip\git\bzcomposer_web\target\classes;C:\Users\sandip\.m2\repository\org\springframework\boot\spring-boot-starter-web\2.3.3.RELEASE\spring-boot-starter-web-2.3.3.RELEASE.jar;C:\Users\sandip\.m2\repository\org\springframework\boot\spring-boot-starter\2.3.3.RELEASE\spring-boot-starter-2.3.3.RELEASE.jar;C:\Users\sandip\.m2\repository\org\springframework\boot\spring-boot-starter-logging\2.3.3.RELEASE\spring-boot-starter-logging-2.3.3.RELEASE.jar;C:\Users\sandip\.m2\repository\ch\qos\logback\logback-classic\1.2.3\logback-classic-1.2.3.jar;C:\Users\sandip\.m2\repository\ch\qos\logback\logback-core\1.2.3\logback-core-1.2.3.jar;C:\Users\sandip\.m2\repository\org\apache\logging\log4j\log4j-to-slf4j\2.13.3\log4j-to-slf4j-2.13.3.jar;C:\Users\sandip\.m2\repository\org\slf4j\jul-to-slf4j\1.7.30\jul-to-slf4j-1.7.30.jar;C:\Users\sandip\.m2\repository\org\yaml\snakeyaml\1.26\snakeyaml-1.26.jar;C:\Users\sandip\.m2\repository\org\springframework\boot\spring-boot-starter-json\2.3.3.RELEASE\spring-boot-starter-json-2.3.3.RELEASE.jar;C:\Users\sandip\.m2\repository\com\fasterxml\jackson\datatype\jackson-datatype-jdk8\2.11.2\jackson-datatype-jdk8-2.11.2.jar;C:\Users\sandip\.m2\repository\com\fasterxml\jackson\datatype\jackson-datatype-jsr310\2.11.2\jackson-datatype-jsr310-2.11.2.jar;C:\Users\sandip\.m2\repository\com\fasterxml\jackson\module\jackson-module-parameter-names\2.11.2\jackson-module-parameter-names-2.11.2.jar;C:\Users\sandip\.m2\repository\org\springframework\spring-web\5.2.8.RELEASE\spring-web-5.2.8.RELEASE.jar;C:\Users\sandip\.m2\repository\org\springframework\spring-beans\5.2.8.RELEASE\spring-beans-5.2.8.RELEASE.jar;C:\Users\sandip\.m2\repository\org\springframework\spring-webmvc\5.2.8.RELEASE\spring-webmvc-5.2.8.RELEASE.jar;C:\Users\sandip\.m2\repository\org\springframework\spring-aop\5.2.8.RELEASE\spring-aop-5.2.8.RELEASE.jar;C:\Users\sandip\.m2\repository\org\springframework\spring-context\5.2.8.RELEASE\spring-context-5.2.8.RELEASE
Launcher Type: SUN_STANDARD

Environment Variables:
JAVA_HOME=C:\Program Files\Java\jdk1.8.0_202
PATH=D:/JAVA/eclipse-jee-2023-06-R-win32-x86_64/eclipse//plugins/org.eclipse.justj.openjdk.hotspot.jre.full.win32.x86_64_17.0.10.v20240120-1143/jre/bin/server;D:/JAVA/eclipse-jee-2023-06-R-win32-x86_64/eclipse//plugins/org.eclipse.justj.openjdk.hotspot.jre.full.win32.x86_64_17.0.10.v20240120-1143/jre/bin;C:\Program Files\Common Files\Oracle\Java\javapath;C:\Program Files (x86)\Common Files\Oracle\Java\javapath;C:\windows\system32;C:\windows;C:\windows\System32\Wbem;C:\windows\System32\WindowsPowerShell\v1.0\;C:\windows\System32\OpenSSH\;C:\Program Files\MySQL\MySQL Server 8.0\bin;C:\Program Files (x86)\Inno Setup 6;C:\Program Files\Java\jdk-17\bin;C:\Program Files (x86)\Windows Kits\10\Windows Performance Toolkit\;C:\Program Files\Git\cmd;C:\tools\apache-maven-3.9.6-bin\apache-maven-3.9.6\bin;C:\Program Files\Redis\;C:\Program Files\MySQL\MySQL Shell 8.0\bin\;C:\Users\sandip\AppData\Local\Microsoft\WindowsApps;C:\Program Files (x86)\Inno Setup 6;C:\Program Files\Java\jdk-17\bin;C:\Users\sandip\AppData\Local\GitHubDesktop\bin;C:\tools\apache-maven-3.9.6-bin\apache-maven-3.9.6\bin;;D:\JAVA\eclipse-jee-2023-06-R-win32-x86_64\eclipse;
USERNAME=sandip
OS=Windows_NT
PROCESSOR_IDENTIFIER=Intel64 Family 6 Model 154 Stepping 3, GenuineIntel



---------------  S Y S T E M  ---------------

OS: Windows 10.0 , 64 bit Build 22621 (10.0.22621.3235)

CPU:total 16 (initial active 16) (8 cores per cpu, 2 threads per core) family 6 model 154 stepping 3, cmov, cx8, fxsr, mmx, sse, sse2, sse3, ssse3, sse4.1, sse4.2, popcnt, avx, avx2, aes, clmul, erms, 3dnowpref, lzcnt, ht, tsc, tscinvbit, bmi1, bmi2, adx

Memory: 4k page, physical 8048836k(174212k free), swap 25968832k(4k free)

vm_info: Java HotSpot(TM) 64-Bit Server VM (25.202-b08) for windows-amd64 JRE (1.8.0_202-b08), built on Dec 15 2018 19:54:30 by "java_re" with MS VC++ 10.0 (VS2010)

time: Sat Mar 30 01:17:02 2024
timezone: India Standard Time
elapsed time: 9 seconds (0d 0h 0m 9s)

