#
# There is insufficient memory for the Java Runtime Environment to continue.
# Native memory allocation (malloc) failed to allocate 32744 bytes for ChunkPool::allocate
# Possible reasons:
#   The system is out of physical RAM or swap space
#   The process is running with CompressedOops enabled, and the Java Heap may be blocking the growth of the native heap
# Possible solutions:
#   Reduce memory load on the system
#   Increase physical memory or swap space
#   Check if swap backing store is full
#   Decrease Java heap size (-Xmx/-Xms)
#   Decrease number of Java threads
#   Decrease Java thread stack sizes (-Xss)
#   Set larger code cache with -XX:ReservedCodeCacheSize=
#   JVM is running with Unscaled Compressed Oops mode in which the Java heap is
#     placed in the first 4GB address space. The Java Heap base address is the
#     maximum limit for the native heap growth. Please use -XX:HeapBaseMinAddress
#     to set the Java Heap base and to place the Java Heap above 4GB virtual address.
# This output file may be truncated or incomplete.
#
#  Out of Memory Error (allocation.cpp:272), pid=24772, tid=0x00000000000007c0
#
# JRE version: Java(TM) SE Runtime Environment (8.0_202-b08) (build 1.8.0_202-b08)
# Java VM: Java HotSpot(TM) 64-Bit Server VM (25.202-b08 mixed mode windows-amd64 compressed oops)
# Failed to write core dump. Minidumps are not enabled by default on client versions of Windows
#

---------------  T H R E A D  ---------------

Current thread (0x000000001c65c800):  JavaThread "C2 CompilerThread5" daemon [_thread_in_native, id=1984, stack(0x000000001cd10000,0x000000001ce10000)]

Stack: [0x000000001cd10000,0x000000001ce10000]
[error occurred during error reporting (printing stack bounds), id 0xc0000005]

Native frames: (J=compiled Java code, j=interpreted, Vv=VM code, C=native code)


Current CompileTask:
C2:  11348 5336   !   4       org.springframework.core.annotation.AnnotationsScanner::processMethodHierarchy (286 bytes)


---------------  P R O C E S S  ---------------

Java Threads: ( => current thread )
  0x000000001df2d000 JavaThread "restartedMain" [_thread_in_native, id=30404, stack(0x000000001ec30000,0x000000001ed30000)]
  0x0000000019d26000 JavaThread "Thread-0" [_thread_blocked, id=1268, stack(0x000000001eb30000,0x000000001ec30000)]
  0x000000001c73f000 JavaThread "Service Thread" daemon [_thread_blocked, id=33972, stack(0x000000001d510000,0x000000001d610000)]
  0x000000001c68e000 JavaThread "C1 CompilerThread11" daemon [_thread_blocked, id=7192, stack(0x000000001d410000,0x000000001d510000)]
  0x000000001c68f800 JavaThread "C1 CompilerThread10" daemon [_thread_blocked, id=28184, stack(0x000000001d310000,0x000000001d410000)]
  0x000000001c685800 JavaThread "C1 CompilerThread9" daemon [_thread_blocked, id=15316, stack(0x000000001d210000,0x000000001d310000)]
  0x000000001c672800 JavaThread "C1 CompilerThread8" daemon [_thread_blocked, id=11216, stack(0x000000001d110000,0x000000001d210000)]
  0x000000001c668000 JavaThread "C2 CompilerThread7" daemon [_thread_blocked, id=12952, stack(0x000000001d010000,0x000000001d110000)]
  0x000000001c65f000 JavaThread "C2 CompilerThread6" daemon [_thread_blocked, id=36652, stack(0x000000001ce10000,0x000000001cf10000)]
=>0x000000001c65c800 JavaThread "C2 CompilerThread5" daemon [_thread_in_native, id=1984, stack(0x000000001cd10000,0x000000001ce10000)]
  0x000000001c65b800 JavaThread "C2 CompilerThread4" daemon [_thread_in_native, id=1928, stack(0x000000001cc10000,0x000000001cd10000)]
  0x000000001c655000 JavaThread "C2 CompilerThread3" daemon [_thread_blocked, id=5292, stack(0x000000001cb10000,0x000000001cc10000)]
  0x000000001c654000 JavaThread "C2 CompilerThread2" daemon [_thread_blocked, id=35320, stack(0x000000001ca10000,0x000000001cb10000)]
  0x000000001c653800 JavaThread "C2 CompilerThread1" daemon [_thread_in_native, id=6748, stack(0x000000001c910000,0x000000001ca10000)]
  0x000000001c652800 JavaThread "C2 CompilerThread0" daemon [_thread_blocked, id=24848, stack(0x000000001c810000,0x000000001c910000)]
  0x0000000019ce9000 JavaThread "JDWP Command Reader" daemon [_thread_in_native, id=35876, stack(0x000000001bf10000,0x000000001c010000)]
  0x0000000019ce8000 JavaThread "JDWP Event Helper Thread" daemon [_thread_blocked, id=36640, stack(0x000000001be10000,0x000000001bf10000)]
  0x0000000019ce5800 JavaThread "JDWP Transport Listener: dt_socket" daemon [_thread_blocked, id=10568, stack(0x000000001bd10000,0x000000001be10000)]
  0x0000000019cd1800 JavaThread "Attach Listener" daemon [_thread_blocked, id=37460, stack(0x000000001b800000,0x000000001b900000)]
  0x0000000019cce800 JavaThread "Signal Dispatcher" daemon [_thread_blocked, id=29160, stack(0x000000001b700000,0x000000001b800000)]
  0x000000001823b000 JavaThread "Finalizer" daemon [_thread_blocked, id=24180, stack(0x000000001b500000,0x000000001b600000)]
  0x0000000019ca6000 JavaThread "Reference Handler" daemon [_thread_blocked, id=18560, stack(0x000000001b400000,0x000000001b500000)]
  0x0000000002d5b000 JavaThread "main" [_thread_blocked, id=20044, stack(0x0000000002b60000,0x0000000002c60000)]

Other Threads:
  0x0000000019c84800 VMThread [stack: 0x000000001b300000,0x000000001b400000] [id=34288]
  0x000000001c800800 WatcherThread [stack: 0x000000001e5e0000,0x000000001e6e0000] [id=18384]

VM state:not at safepoint (normal execution)

VM Mutex/Monitor currently owned by a thread: None

heap address: 0x0000000085200000, size: 1966 MB, Compressed Oops mode: 32-bit
Narrow klass base: 0x0000000000000000, Narrow klass shift: 3
Compressed class space size: 1073741824 Address: 0x0000000100000000

Heap:
 PSYoungGen      total 503808K, used 51622K [0x00000000d7100000, 0x0000000100000000, 0x0000000100000000)
  eden space 475648K, 5% used [0x00000000d7100000,0x00000000d8c77c70,0x00000000f4180000)
  from space 28160K, 83% used [0x00000000f4180000,0x00000000f5871ec8,0x00000000f5d00000)
  to   space 31232K, 0% used [0x00000000fe180000,0x00000000fe180000,0x0000000100000000)
 ParOldGen       total 92672K, used 25020K [0x0000000085200000, 0x000000008ac80000, 0x00000000d7100000)
  object space 92672K, 26% used [0x0000000085200000,0x0000000086a6f0c8,0x000000008ac80000)
 Metaspace       used 40277K, capacity 42218K, committed 42496K, reserved 1087488K
  class space    used 4716K, capacity 5089K, committed 5120K, reserved 1048576K

Card table byte_map: [0x0000000012380000,0x0000000012760000] byte_map_base: 0x0000000011f57000

Marking Bits: (ParMarkBitMap*) 0x0000000058f45ce0
 Begin Bits: [0x00000000136f0000, 0x00000000155a8000)
 End Bits:   [0x00000000155a8000, 0x0000000017460000)

Polling page: 0x0000000001180000

CodeCache: size=245760Kb used=20561Kb max_used=20699Kb free=225198Kb
 bounds [0x0000000002fc0000, 0x0000000004450000, 0x0000000011fc0000]
 total_blobs=5020 nmethods=4638 adapters=299
 compilation: enabled

Compilation events (10 events):
Event: 11.030 Thread 0x000000001c68f800 5347       3       sun.security.provider.SHA::implCompress (491 bytes)
Event: 11.030 Thread 0x000000001c672800 nmethod 5342 0x0000000003724290 code [0x00000000037245e0, 0x00000000037260d8]
Event: 11.030 Thread 0x000000001c68e000 nmethod 5343 0x0000000003954750 code [0x0000000003954ac0, 0x0000000003956858]
Event: 11.030 Thread 0x000000001c68f800 nmethod 5347 0x0000000003a804d0 code [0x0000000003a806c0, 0x0000000003a80fc8]
Event: 11.031 Thread 0x000000001c672800 5348       3       sun.security.provider.DigestBase::engineUpdate (189 bytes)
Event: 11.032 Thread 0x000000001c672800 nmethod 5348 0x0000000003a85f90 code [0x0000000003a861c0, 0x0000000003a86f38]
Event: 11.047 Thread 0x000000001c655000 nmethod 5214 0x00000000036d6710 code [0x00000000036d6f20, 0x00000000036e09c8]
Event: 11.060 Thread 0x000000001c654000 nmethod 5338 0x00000000036cfbd0 code [0x00000000036cff60, 0x00000000036d2d08]
Event: 11.135 Thread 0x000000001c652800 nmethod 5166 0x0000000004406f90 code [0x0000000004407da0, 0x00000000044163d0]
Event: 11.147 Thread 0x000000001c668000 nmethod 5241 0x000000000442b3d0 code [0x000000000442bc40, 0x0000000004434f18]

GC Heap History (10 events):
Event: 6.501 GC heap before
{Heap before GC invocations=12 (full 2):
 PSYoungGen      total 258560K, used 243712K [0x00000000d7100000, 0x00000000eee00000, 0x0000000100000000)
  eden space 243712K, 100% used [0x00000000d7100000,0x00000000e5f00000,0x00000000e5f00000)
  from space 14848K, 0% used [0x00000000e5f00000,0x00000000e5f00000,0x00000000e6d80000)
  to   space 26624K, 0% used [0x00000000ed400000,0x00000000ed400000,0x00000000eee00000)
 ParOldGen       total 107008K, used 46830K [0x0000000085200000, 0x000000008ba80000, 0x00000000d7100000)
  object space 107008K, 43% used [0x0000000085200000,0x0000000087fbb840,0x000000008ba80000)
 Metaspace       used 26639K, capacity 27544K, committed 27776K, reserved 1073152K
  class space    used 2920K, capacity 3126K, committed 3200K, reserved 1048576K
Event: 6.520 GC heap after
Heap after GC invocations=12 (full 2):
 PSYoungGen      total 360960K, used 22376K [0x00000000d7100000, 0x00000000f0400000, 0x0000000100000000)
  eden space 334336K, 0% used [0x00000000d7100000,0x00000000d7100000,0x00000000eb780000)
  from space 26624K, 84% used [0x00000000ed400000,0x00000000ee9da388,0x00000000eee00000)
  to   space 29184K, 0% used [0x00000000eb780000,0x00000000eb780000,0x00000000ed400000)
 ParOldGen       total 107008K, used 46838K [0x0000000085200000, 0x000000008ba80000, 0x00000000d7100000)
  object space 107008K, 43% used [0x0000000085200000,0x0000000087fbd840,0x000000008ba80000)
 Metaspace       used 26639K, capacity 27544K, committed 27776K, reserved 1073152K
  class space    used 2920K, capacity 3126K, committed 3200K, reserved 1048576K
}
Event: 8.764 GC heap before
{Heap before GC invocations=13 (full 2):
 PSYoungGen      total 360960K, used 356712K [0x00000000d7100000, 0x00000000f0400000, 0x0000000100000000)
  eden space 334336K, 100% used [0x00000000d7100000,0x00000000eb780000,0x00000000eb780000)
  from space 26624K, 84% used [0x00000000ed400000,0x00000000ee9da388,0x00000000eee00000)
  to   space 29184K, 0% used [0x00000000eb780000,0x00000000eb780000,0x00000000ed400000)
 ParOldGen       total 107008K, used 46838K [0x0000000085200000, 0x000000008ba80000, 0x00000000d7100000)
  object space 107008K, 43% used [0x0000000085200000,0x0000000087fbd840,0x000000008ba80000)
 Metaspace       used 35472K, capacity 36772K, committed 36864K, reserved 1081344K
  class space    used 4013K, capacity 4272K, committed 4352K, reserved 1048576K
Event: 8.772 GC heap after
Heap after GC invocations=13 (full 2):
 PSYoungGen      total 363520K, used 13061K [0x00000000d7100000, 0x00000000f7880000, 0x0000000100000000)
  eden space 334336K, 0% used [0x00000000d7100000,0x00000000d7100000,0x00000000eb780000)
  from space 29184K, 44% used [0x00000000eb780000,0x00000000ec4414b8,0x00000000ed400000)
  to   space 28160K, 0% used [0x00000000f5d00000,0x00000000f5d00000,0x00000000f7880000)
 ParOldGen       total 107008K, used 50673K [0x0000000085200000, 0x000000008ba80000, 0x00000000d7100000)
  object space 107008K, 47% used [0x0000000085200000,0x000000008837c410,0x000000008ba80000)
 Metaspace       used 35472K, capacity 36772K, committed 36864K, reserved 1081344K
  class space    used 4013K, capacity 4272K, committed 4352K, reserved 1048576K
}
Event: 8.849 GC heap before
{Heap before GC invocations=14 (full 2):
 PSYoungGen      total 363520K, used 31547K [0x00000000d7100000, 0x00000000f7880000, 0x0000000100000000)
  eden space 334336K, 5% used [0x00000000d7100000,0x00000000d830d970,0x00000000eb780000)
  from space 29184K, 44% used [0x00000000eb780000,0x00000000ec4414b8,0x00000000ed400000)
  to   space 28160K, 0% used [0x00000000f5d00000,0x00000000f5d00000,0x00000000f7880000)
 ParOldGen       total 107008K, used 50673K [0x0000000085200000, 0x000000008ba80000, 0x00000000d7100000)
  object space 107008K, 47% used [0x0000000085200000,0x000000008837c410,0x000000008ba80000)
 Metaspace       used 35599K, capacity 36878K, committed 36988K, reserved 1081344K
  class space    used 4039K, capacity 4305K, committed 4352K, reserved 1048576K
Event: 8.855 GC heap after
Heap after GC invocations=14 (full 2):
 PSYoungGen      total 503808K, used 608K [0x00000000d7100000, 0x00000000f8080000, 0x0000000100000000)
  eden space 475648K, 0% used [0x00000000d7100000,0x00000000d7100000,0x00000000f4180000)
  from space 28160K, 2% used [0x00000000f5d00000,0x00000000f5d98000,0x00000000f7880000)
  to   space 28160K, 0% used [0x00000000f4180000,0x00000000f4180000,0x00000000f5d00000)
 ParOldGen       total 107008K, used 57959K [0x0000000085200000, 0x000000008ba80000, 0x00000000d7100000)
  object space 107008K, 54% used [0x0000000085200000,0x0000000088a99ff8,0x000000008ba80000)
 Metaspace       used 35599K, capacity 36878K, committed 36988K, reserved 1081344K
  class space    used 4039K, capacity 4305K, committed 4352K, reserved 1048576K
}
Event: 8.855 GC heap before
{Heap before GC invocations=15 (full 3):
 PSYoungGen      total 503808K, used 608K [0x00000000d7100000, 0x00000000f8080000, 0x0000000100000000)
  eden space 475648K, 0% used [0x00000000d7100000,0x00000000d7100000,0x00000000f4180000)
  from space 28160K, 2% used [0x00000000f5d00000,0x00000000f5d98000,0x00000000f7880000)
  to   space 28160K, 0% used [0x00000000f4180000,0x00000000f4180000,0x00000000f5d00000)
 ParOldGen       total 107008K, used 57959K [0x0000000085200000, 0x000000008ba80000, 0x00000000d7100000)
  object space 107008K, 54% used [0x0000000085200000,0x0000000088a99ff8,0x000000008ba80000)
 Metaspace       used 35599K, capacity 36878K, committed 36988K, reserved 1081344K
  class space    used 4039K, capacity 4305K, committed 4352K, reserved 1048576K
Event: 8.932 GC heap after
Heap after GC invocations=15 (full 3):
 PSYoungGen      total 503808K, used 0K [0x00000000d7100000, 0x00000000f8080000, 0x0000000100000000)
  eden space 475648K, 0% used [0x00000000d7100000,0x00000000d7100000,0x00000000f4180000)
  from space 28160K, 0% used [0x00000000f5d00000,0x00000000f5d00000,0x00000000f7880000)
  to   space 28160K, 0% used [0x00000000f4180000,0x00000000f4180000,0x00000000f5d00000)
 ParOldGen       total 92672K, used 25012K [0x0000000085200000, 0x000000008ac80000, 0x00000000d7100000)
  object space 92672K, 26% used [0x0000000085200000,0x0000000086a6d0c8,0x000000008ac80000)
 Metaspace       used 35599K, capacity 36878K, committed 36988K, reserved 1081344K
  class space    used 4039K, capacity 4305K, committed 4352K, reserved 1048576K
}
Event: 10.736 GC heap before
{Heap before GC invocations=16 (full 3):
 PSYoungGen      total 503808K, used 475648K [0x00000000d7100000, 0x00000000f8080000, 0x0000000100000000)
  eden space 475648K, 100% used [0x00000000d7100000,0x00000000f4180000,0x00000000f4180000)
  from space 28160K, 0% used [0x00000000f5d00000,0x00000000f5d00000,0x00000000f7880000)
  to   space 28160K, 0% used [0x00000000f4180000,0x00000000f4180000,0x00000000f5d00000)
 ParOldGen       total 92672K, used 25012K [0x0000000085200000, 0x000000008ac80000, 0x00000000d7100000)
  object space 92672K, 26% used [0x0000000085200000,0x0000000086a6d0c8,0x000000008ac80000)
 Metaspace       used 39456K, capacity 41026K, committed 41344K, reserved 1085440K
  class space    used 4567K, capacity 4875K, committed 4992K, reserved 1048576K
Event: 10.780 GC heap after
Heap after GC invocations=16 (full 3):
 PSYoungGen      total 503808K, used 23495K [0x00000000d7100000, 0x0000000100000000, 0x0000000100000000)
  eden space 475648K, 0% used [0x00000000d7100000,0x00000000d7100000,0x00000000f4180000)
  from space 28160K, 83% used [0x00000000f4180000,0x00000000f5871ec8,0x00000000f5d00000)
  to   space 31232K, 0% used [0x00000000fe180000,0x00000000fe180000,0x0000000100000000)
 ParOldGen       total 92672K, used 25020K [0x0000000085200000, 0x000000008ac80000, 0x00000000d7100000)
  object space 92672K, 26% used [0x0000000085200000,0x0000000086a6f0c8,0x000000008ac80000)
 Metaspace       used 39456K, capacity 41026K, committed 41344K, reserved 1085440K
  class space    used 4567K, capacity 4875K, committed 4992K, reserved 1048576K
}

Deoptimization events (10 events):
Event: 10.999 Thread 0x000000001df2d000 Uncommon trap: reason=unhandled action=none pc=0x0000000003bbb88c method=java.net.URLClassLoader.findClass(Ljava/lang/String;)Ljava/lang/Class; @ 44
Event: 11.000 Thread 0x000000001df2d000 Uncommon trap: reason=unhandled action=none pc=0x0000000003bbb88c method=java.net.URLClassLoader.findClass(Ljava/lang/String;)Ljava/lang/Class; @ 44
Event: 11.001 Thread 0x000000001df2d000 Uncommon trap: reason=unhandled action=none pc=0x0000000003bbb88c method=java.net.URLClassLoader.findClass(Ljava/lang/String;)Ljava/lang/Class; @ 44
Event: 11.003 Thread 0x000000001df2d000 Uncommon trap: reason=unhandled action=none pc=0x0000000003bbb88c method=java.net.URLClassLoader.findClass(Ljava/lang/String;)Ljava/lang/Class; @ 44
Event: 11.003 Thread 0x000000001df2d000 Uncommon trap: reason=unhandled action=none pc=0x0000000003bab394 method=java.net.URLClassLoader.findClass(Ljava/lang/String;)Ljava/lang/Class; @ 44
Event: 11.004 Thread 0x000000001df2d000 Uncommon trap: reason=unhandled action=none pc=0x0000000003bbb88c method=java.net.URLClassLoader.findClass(Ljava/lang/String;)Ljava/lang/Class; @ 44
Event: 11.005 Thread 0x000000001df2d000 Uncommon trap: reason=unhandled action=none pc=0x0000000003bab394 method=java.net.URLClassLoader.findClass(Ljava/lang/String;)Ljava/lang/Class; @ 44
Event: 11.005 Thread 0x000000001df2d000 Uncommon trap: reason=unhandled action=none pc=0x0000000003bbb88c method=java.net.URLClassLoader.findClass(Ljava/lang/String;)Ljava/lang/Class; @ 44
Event: 11.006 Thread 0x000000001df2d000 Uncommon trap: reason=unhandled action=none pc=0x0000000003bab394 method=java.net.URLClassLoader.findClass(Ljava/lang/String;)Ljava/lang/Class; @ 44
Event: 11.007 Thread 0x000000001df2d000 Uncommon trap: reason=unhandled action=none pc=0x0000000003bbb88c method=java.net.URLClassLoader.findClass(Ljava/lang/String;)Ljava/lang/Class; @ 44

Classes redefined (0 events):
No events

Internal exceptions (10 events):
Event: 10.841 Thread 0x000000001df2d000 Exception <a 'java/lang/ArrayIndexOutOfBoundsException': 77> (0x00000000d758b968) thrown at [C:\re\workspace\8-2-build-windows-amd64-cygwin\jdk8u202\12323\hotspot\src\share\vm\interpreter\interpreterRuntime.cpp, line 368]
Event: 10.842 Thread 0x000000001df2d000 Exception <a 'java/lang/ArrayIndexOutOfBoundsException': 199> (0x00000000d759b780) thrown at [C:\re\workspace\8-2-build-windows-amd64-cygwin\jdk8u202\12323\hotspot\src\share\vm\interpreter\interpreterRuntime.cpp, line 368]
Event: 10.849 Thread 0x000000001df2d000 Exception <a 'java/lang/IncompatibleClassChangeError': Found class java.lang.Object, but interface was expected> (0x00000000d765a560) thrown at [C:\re\workspace\8-2-build-windows-amd64-cygwin\jdk8u202\12323\hotspot\src\share\vm\interpreter\linkResolver.cp
Event: 10.851 Thread 0x000000001df2d000 Exception <a 'java/lang/ArrayIndexOutOfBoundsException': 194> (0x00000000d765fce8) thrown at [C:\re\workspace\8-2-build-windows-amd64-cygwin\jdk8u202\12323\hotspot\src\share\vm\interpreter\interpreterRuntime.cpp, line 368]
Event: 10.852 Thread 0x000000001df2d000 Exception <a 'java/lang/ArrayIndexOutOfBoundsException': 199> (0x00000000d766bce8) thrown at [C:\re\workspace\8-2-build-windows-amd64-cygwin\jdk8u202\12323\hotspot\src\share\vm\interpreter\interpreterRuntime.cpp, line 368]
Event: 10.856 Thread 0x000000001df2d000 Exception <a 'java/lang/NoSuchMethodError': java.lang.Object.lambda$and$0(Ljava/util/function/Predicate;Ljava/lang/Object;)Z> (0x00000000d76a1e58) thrown at [C:\re\workspace\8-2-build-windows-amd64-cygwin\jdk8u202\12323\hotspot\src\share\vm\interpreter\li
Event: 10.874 Thread 0x000000001df2d000 Exception <a 'java/lang/ArrayIndexOutOfBoundsException': 199> (0x00000000d77629e8) thrown at [C:\re\workspace\8-2-build-windows-amd64-cygwin\jdk8u202\12323\hotspot\src\share\vm\interpreter\interpreterRuntime.cpp, line 368]
Event: 10.956 Thread 0x000000001df2d000 Exception <a 'java/lang/ArrayIndexOutOfBoundsException': 6> (0x00000000d7d27cb0) thrown at [C:\re\workspace\8-2-build-windows-amd64-cygwin\jdk8u202\12323\hotspot\src\share\vm\interpreter\interpreterRuntime.cpp, line 368]
Event: 10.956 Thread 0x000000001df2d000 Exception <a 'java/lang/ArrayIndexOutOfBoundsException': 96> (0x00000000d7d28ff8) thrown at [C:\re\workspace\8-2-build-windows-amd64-cygwin\jdk8u202\12323\hotspot\src\share\vm\interpreter\interpreterRuntime.cpp, line 368]
Event: 10.956 Thread 0x000000001df2d000 Exception <a 'java/lang/ArrayIndexOutOfBoundsException': 135> (0x00000000d7d2a840) thrown at [C:\re\workspace\8-2-build-windows-amd64-cygwin\jdk8u202\12323\hotspot\src\share\vm\interpreter\interpreterRuntime.cpp, line 368]

Events (10 events):
Event: 11.028 loading class sun/security/provider/SeedGenerator$1
Event: 11.028 loading class sun/security/provider/SeedGenerator$1 done
Event: 11.031 loading class java/net/NetworkInterface
Event: 11.032 loading class java/net/NetworkInterface done
Event: 11.032 loading class java/net/NetworkInterface$1
Event: 11.032 loading class java/net/NetworkInterface$1 done
Event: 11.033 loading class java/net/InterfaceAddress
Event: 11.033 loading class java/net/InterfaceAddress done
Event: 11.033 loading class java/net/DefaultInterface
Event: 11.033 loading class java/net/DefaultInterface done


Dynamic libraries:
0x00007ff798990000 - 0x00007ff7989c7000 	C:\Program Files\Java\jdk1.8.0_202\bin\javaw.exe
0x00007ffed3f50000 - 0x00007ffed4166000 	C:\windows\SYSTEM32\ntdll.dll
0x00007ffed2f80000 - 0x00007ffed3044000 	C:\windows\System32\KERNEL32.DLL
0x00007ffed1590000 - 0x00007ffed1936000 	C:\windows\System32\KERNELBASE.dll
0x00007ffed3b60000 - 0x00007ffed3c12000 	C:\windows\System32\ADVAPI32.dll
0x00007ffed1cd0000 - 0x00007ffed1d77000 	C:\windows\System32\msvcrt.dll
0x00007ffed3ab0000 - 0x00007ffed3b58000 	C:\windows\System32\sechost.dll
0x00007ffed1300000 - 0x00007ffed1328000 	C:\windows\System32\bcrypt.dll
0x00007ffed38b0000 - 0x00007ffed39c5000 	C:\windows\System32\RPCRT4.dll
0x00007ffed3d60000 - 0x00007ffed3f0d000 	C:\windows\System32\USER32.dll
0x00007ffed13f0000 - 0x00007ffed1416000 	C:\windows\System32\win32u.dll
0x00007ffed39d0000 - 0x00007ffed39f9000 	C:\windows\System32\GDI32.dll
0x00007ffed1b00000 - 0x00007ffed1c18000 	C:\windows\System32\gdi32full.dll
0x00007ffed1a60000 - 0x00007ffed1afa000 	C:\windows\System32\msvcp_win.dll
0x00007ffed1940000 - 0x00007ffed1a51000 	C:\windows\System32\ucrtbase.dll
0x00007ffea9880000 - 0x00007ffea9b13000 	C:\windows\WinSxS\amd64_microsoft.windows.common-controls_6595b64144ccf1df_6.0.22621.3235_none_270f74e173860f98\COMCTL32.dll
0x00007ffed2b30000 - 0x00007ffed2b61000 	C:\windows\System32\IMM32.DLL
0x000000005f5e0000 - 0x000000005f6b2000 	C:\Program Files\Java\jdk1.8.0_202\jre\bin\msvcr100.dll
0x0000000058720000 - 0x0000000058fc5000 	C:\Program Files\Java\jdk1.8.0_202\jre\bin\server\jvm.dll
0x00007ffed3390000 - 0x00007ffed3398000 	C:\windows\System32\PSAPI.DLL
0x00007ffec5b70000 - 0x00007ffec5ba4000 	C:\windows\SYSTEM32\WINMM.dll
0x00007ffec2820000 - 0x00007ffec282a000 	C:\windows\SYSTEM32\VERSION.dll
0x00007ffeac330000 - 0x00007ffeac339000 	C:\windows\SYSTEM32\WSOCK32.dll
0x00007ffed3050000 - 0x00007ffed30c1000 	C:\windows\System32\WS2_32.dll
0x00007ffecc000000 - 0x00007ffecc00f000 	C:\Program Files\Java\jdk1.8.0_202\jre\bin\verify.dll
0x00007ffeafd70000 - 0x00007ffeafd99000 	C:\Program Files\Java\jdk1.8.0_202\jre\bin\java.dll
0x00007ffeabfc0000 - 0x00007ffeabff5000 	C:\Program Files\Java\jdk1.8.0_202\jre\bin\jdwp.dll
0x00007ffec2720000 - 0x00007ffec2728000 	C:\Program Files\Java\jdk1.8.0_202\jre\bin\npt.dll
0x00007ffeaa360000 - 0x00007ffeaa383000 	C:\Program Files\Java\jdk1.8.0_202\jre\bin\instrument.dll
0x00007ffeafb10000 - 0x00007ffeafb26000 	C:\Program Files\Java\jdk1.8.0_202\jre\bin\zip.dll
0x00007ffed1f30000 - 0x00007ffed278d000 	C:\windows\System32\SHELL32.dll
0x00007ffecf1a0000 - 0x00007ffecfa98000 	C:\windows\SYSTEM32\windows.storage.dll
0x00007ffed2790000 - 0x00007ffed2b18000 	C:\windows\System32\combase.dll
0x00007ffecf060000 - 0x00007ffecf19e000 	C:\windows\SYSTEM32\wintypes.dll
0x00007ffed3290000 - 0x00007ffed3383000 	C:\windows\System32\SHCORE.dll
0x00007ffed2f20000 - 0x00007ffed2f7e000 	C:\windows\System32\shlwapi.dll
0x00007ffed11c0000 - 0x00007ffed11e6000 	C:\windows\SYSTEM32\profapi.dll
0x00007ffeb8460000 - 0x00007ffeb8469000 	C:\Program Files\Java\jdk1.8.0_202\jre\bin\dt_socket.dll
0x00007ffea0d60000 - 0x00007ffea0d77000 	C:\windows\system32\napinsp.dll
0x00007ffea0d20000 - 0x00007ffea0d3b000 	C:\windows\system32\pnrpnsp.dll
0x00007ffed0750000 - 0x00007ffed07b9000 	C:\windows\System32\mswsock.dll
0x00007ffecfdc0000 - 0x00007ffecfeb9000 	C:\windows\SYSTEM32\DNSAPI.dll
0x00007ffecfd40000 - 0x00007ffecfd6d000 	C:\windows\SYSTEM32\IPHLPAPI.DLL
0x00007ffed3aa0000 - 0x00007ffed3aa9000 	C:\windows\System32\NSI.dll
0x00007ffea0d00000 - 0x00007ffea0d11000 	C:\windows\System32\winrnr.dll
0x00007ffec6430000 - 0x00007ffec6445000 	C:\windows\system32\wshbth.dll
0x00007ffea0c90000 - 0x00007ffea0cb1000 	C:\windows\system32\nlansp_c.dll
0x000000005f850000 - 0x000000005f885000 	C:\Program Files\Bonjour\mdnsNSP.dll
0x00007ffec59c0000 - 0x00007ffec5a43000 	C:\windows\System32\fwpuclnt.dll
0x00007ffeca3e0000 - 0x00007ffeca3ea000 	C:\Windows\System32\rasadhlp.dll
0x00007ffeb4c20000 - 0x00007ffeb4c2d000 	C:\Program Files\Java\jdk1.8.0_202\jre\bin\management.dll
0x00007ffeae2a0000 - 0x00007ffeae2ba000 	C:\Program Files\Java\jdk1.8.0_202\jre\bin\net.dll
0x00007ffeac950000 - 0x00007ffeacb40000 	C:\windows\SYSTEM32\urlmon.dll
0x00007ffeac3e0000 - 0x00007ffeac69c000 	C:\windows\SYSTEM32\iertutil.dll
0x00007ffeac3b0000 - 0x00007ffeac3d8000 	C:\windows\SYSTEM32\srvcli.dll
0x00007ffecfcc0000 - 0x00007ffecfccc000 	C:\windows\SYSTEM32\netutils.dll
0x00007ffeabde0000 - 0x00007ffeabdf2000 	C:\Program Files\Java\jdk1.8.0_202\jre\bin\nio.dll
0x00007ffed09b0000 - 0x00007ffed09cb000 	C:\windows\SYSTEM32\CRYPTSP.dll
0x00007ffed0200000 - 0x00007ffed0235000 	C:\windows\system32\rsaenh.dll
0x00007ffed0840000 - 0x00007ffed086c000 	C:\windows\SYSTEM32\USERENV.dll
0x00007ffed1c20000 - 0x00007ffed1c9a000 	C:\windows\System32\bcryptprimitives.dll
0x00007ffed09a0000 - 0x00007ffed09ac000 	C:\windows\SYSTEM32\CRYPTBASE.dll
0x00007ffeca9a0000 - 0x00007ffeca9b9000 	C:\windows\SYSTEM32\dhcpcsvc6.DLL
0x00007ffeca6b0000 - 0x00007ffeca6cf000 	C:\windows\SYSTEM32\dhcpcsvc.DLL

VM Arguments:
jvm_args: -agentlib:jdwp=transport=dt_socket,suspend=y,address=localhost:50618 -javaagent:D:\JAVA\eclipse-jee-2023-06-R-win32-x86_64\eclipse\configuration\org.eclipse.osgi\2269\0\.cp\lib\javaagent-shaded.jar -Dfile.encoding=UTF-8 -Dstdout.encoding=UTF-8 -Dstderr.encoding=UTF-8 
java_command: com.Application
java_class_path (initial): C:\Users\sandip\git\bzcomposer_web\target\classes;C:\Users\sandip\.m2\repository\org\springframework\boot\spring-boot-starter-web\2.3.3.RELEASE\spring-boot-starter-web-2.3.3.RELEASE.jar;C:\Users\sandip\.m2\repository\org\springframework\boot\spring-boot-starter\2.3.3.RELEASE\spring-boot-starter-2.3.3.RELEASE.jar;C:\Users\sandip\.m2\repository\org\springframework\boot\spring-boot-starter-logging\2.3.3.RELEASE\spring-boot-starter-logging-2.3.3.RELEASE.jar;C:\Users\sandip\.m2\repository\ch\qos\logback\logback-classic\1.2.3\logback-classic-1.2.3.jar;C:\Users\sandip\.m2\repository\ch\qos\logback\logback-core\1.2.3\logback-core-1.2.3.jar;C:\Users\sandip\.m2\repository\org\apache\logging\log4j\log4j-to-slf4j\2.13.3\log4j-to-slf4j-2.13.3.jar;C:\Users\sandip\.m2\repository\org\slf4j\jul-to-slf4j\1.7.30\jul-to-slf4j-1.7.30.jar;C:\Users\sandip\.m2\repository\org\yaml\snakeyaml\1.26\snakeyaml-1.26.jar;C:\Users\sandip\.m2\repository\org\springframework\boot\spring-boot-starter-json\2.3.3.RELEASE\spring-boot-starter-json-2.3.3.RELEASE.jar;C:\Users\sandip\.m2\repository\com\fasterxml\jackson\datatype\jackson-datatype-jdk8\2.11.2\jackson-datatype-jdk8-2.11.2.jar;C:\Users\sandip\.m2\repository\com\fasterxml\jackson\datatype\jackson-datatype-jsr310\2.11.2\jackson-datatype-jsr310-2.11.2.jar;C:\Users\sandip\.m2\repository\com\fasterxml\jackson\module\jackson-module-parameter-names\2.11.2\jackson-module-parameter-names-2.11.2.jar;C:\Users\sandip\.m2\repository\org\springframework\spring-web\5.2.8.RELEASE\spring-web-5.2.8.RELEASE.jar;C:\Users\sandip\.m2\repository\org\springframework\spring-beans\5.2.8.RELEASE\spring-beans-5.2.8.RELEASE.jar;C:\Users\sandip\.m2\repository\org\springframework\spring-webmvc\5.2.8.RELEASE\spring-webmvc-5.2.8.RELEASE.jar;C:\Users\sandip\.m2\repository\org\springframework\spring-aop\5.2.8.RELEASE\spring-aop-5.2.8.RELEASE.jar;C:\Users\sandip\.m2\repository\org\springframework\spring-context\5.2.8.RELEASE\spring-context-5.2.8.RELEASE
Launcher Type: SUN_STANDARD

Environment Variables:
JAVA_HOME=C:\Program Files\Java\jdk1.8.0_202
PATH=C:\Program Files\Java\jdk1.8.0_202\jre\bin;D:/JAVA/eclipse-jee-2023-06-R-win32-x86_64/eclipse//plugins/org.eclipse.justj.openjdk.hotspot.jre.full.win32.x86_64_17.0.10.v20240120-1143/jre/bin/server;D:/JAVA/eclipse-jee-2023-06-R-win32-x86_64/eclipse//plugins/org.eclipse.justj.openjdk.hotspot.jre.full.win32.x86_64_17.0.10.v20240120-1143/jre/bin;C:\Program Files\Common Files\Oracle\Java\javapath;C:\Program Files (x86)\Common Files\Oracle\Java\javapath;C:\windows\system32;C:\windows;C:\windows\System32\Wbem;C:\windows\System32\WindowsPowerShell\v1.0\;C:\windows\System32\OpenSSH\;C:\Program Files\MySQL\MySQL Server 8.0\bin;C:\Program Files (x86)\Inno Setup 6;C:\Program Files\Java\jdk-17\bin;C:\Program Files (x86)\Windows Kits\10\Windows Performance Toolkit\;C:\Program Files\Git\cmd;C:\tools\apache-maven-3.9.6-bin\apache-maven-3.9.6\bin;C:\Program Files\Redis\;C:\Program Files\MySQL\MySQL Shell 8.0\bin\;C:\Users\sandip\AppData\Local\Microsoft\WindowsApps;C:\Program Files (x86)\Inno Setup 6;C:\Program Files\Java\jdk-17\bin;C:\Users\sandip\AppData\Local\GitHubDesktop\bin;C:\tools\apache-maven-3.9.6-bin\apache-maven-3.9.6\bin;;D:\JAVA\eclipse-jee-2023-06-R-win32-x86_64\eclipse;
USERNAME=sandip
OS=Windows_NT
PROCESSOR_IDENTIFIER=Intel64 Family 6 Model 154 Stepping 3, GenuineIntel



---------------  S Y S T E M  ---------------

OS: Windows 10.0 , 64 bit Build 22621 (10.0.22621.3235)

CPU:total 16 (initial active 16) (8 cores per cpu, 2 threads per core) family 6 model 154 stepping 3, cmov, cx8, fxsr, mmx, sse, sse2, sse3, ssse3, sse4.1, sse4.2, popcnt, avx, avx2, aes, clmul, erms, 3dnowpref, lzcnt, ht, tsc, tscinvbit, bmi1, bmi2, adx

Memory: 4k page, physical 8048836k(149488k free), swap 25968832k(380k free)

vm_info: Java HotSpot(TM) 64-Bit Server VM (25.202-b08) for windows-amd64 JRE (1.8.0_202-b08), built on Dec 15 2018 19:54:30 by "java_re" with MS VC++ 10.0 (VS2010)

time: Sat Mar 30 12:06:06 2024
timezone: India Standard Time
elapsed time: 11 seconds (0d 0h 0m 11s)

